[0.069s] Invoking command in '/workspaces/autoAim/wkspace/src/build/opencv_use': CMAKE_PREFIX_PATH=/opt/ros/humble /usr/bin/cmake --build /workspaces/autoAim/wkspace/src/build/opencv_use -- -j16 -l16
[0.125s] [35m[1mConsolidate compiler generated dependencies of target my_opencv[0m
[0.154s] [ 50%] [32mBuilding CXX object CMakeFiles/my_opencv.dir/src/my_opencv.cpp.o[0m
[8.783s] [100%] [32m[1mLinking CXX executable my_opencv[0m
[9.122s] [100%] Built target my_opencv
[9.149s] Invoked command in '/workspaces/autoAim/wkspace/src/build/opencv_use' returned '0': CMAKE_PREFIX_PATH=/opt/ros/humble /usr/bin/cmake --build /workspaces/autoAim/wkspace/src/build/opencv_use -- -j16 -l16
[9.185s] Invoking command in '/workspaces/autoAim/wkspace/src/build/opencv_use': CMAKE_PREFIX_PATH=/opt/ros/humble /usr/bin/cmake --install /workspaces/autoAim/wkspace/src/build/opencv_use
[9.193s] -- Install configuration: ""
[9.195s] -- Installing: /workspaces/autoAim/wkspace/src/install/opencv_use/lib/opencv_use/my_opencv
[9.195s] -- Set runtime path of "/workspaces/autoAim/wkspace/src/install/opencv_use/lib/opencv_use/my_opencv" to ""
[9.195s] -- Up-to-date: /workspaces/autoAim/wkspace/src/install/opencv_use/share/ament_index/resource_index/package_run_dependencies/opencv_use
[9.196s] -- Up-to-date: /workspaces/autoAim/wkspace/src/install/opencv_use/share/ament_index/resource_index/parent_prefix_path/opencv_use
[9.196s] -- Up-to-date: /workspaces/autoAim/wkspace/src/install/opencv_use/share/opencv_use/environment/ament_prefix_path.sh
[9.196s] -- Up-to-date: /workspaces/autoAim/wkspace/src/install/opencv_use/share/opencv_use/environment/ament_prefix_path.dsv
[9.196s] -- Up-to-date: /workspaces/autoAim/wkspace/src/install/opencv_use/share/opencv_use/environment/path.sh
[9.196s] -- Up-to-date: /workspaces/autoAim/wkspace/src/install/opencv_use/share/opencv_use/environment/path.dsv
[9.197s] -- Up-to-date: /workspaces/autoAim/wkspace/src/install/opencv_use/share/opencv_use/local_setup.bash
[9.197s] -- Up-to-date: /workspaces/autoAim/wkspace/src/install/opencv_use/share/opencv_use/local_setup.sh
[9.197s] -- Up-to-date: /workspaces/autoAim/wkspace/src/install/opencv_use/share/opencv_use/local_setup.zsh
[9.197s] -- Up-to-date: /workspaces/autoAim/wkspace/src/install/opencv_use/share/opencv_use/local_setup.dsv
[9.197s] -- Installing: /workspaces/autoAim/wkspace/src/install/opencv_use/share/opencv_use/package.dsv
[9.198s] -- Up-to-date: /workspaces/autoAim/wkspace/src/install/opencv_use/share/ament_index/resource_index/packages/opencv_use
[9.198s] -- Up-to-date: /workspaces/autoAim/wkspace/src/install/opencv_use/share/opencv_use/cmake/opencv_useConfig.cmake
[9.198s] -- Up-to-date: /workspaces/autoAim/wkspace/src/install/opencv_use/share/opencv_use/cmake/opencv_useConfig-version.cmake
[9.199s] -- Up-to-date: /workspaces/autoAim/wkspace/src/install/opencv_use/share/opencv_use/package.xml
[9.202s] Invoked command in '/workspaces/autoAim/wkspace/src/build/opencv_use' returned '0': CMAKE_PREFIX_PATH=/opt/ros/humble /usr/bin/cmake --install /workspaces/autoAim/wkspace/src/build/opencv_use
