[0.068s] Invoking command in '/workspaces/autoAim/wkspace/src/build/opencv_use': CMAKE_PREFIX_PATH=/opt/ros/humble /usr/bin/cmake --build /workspaces/autoAim/wkspace/src/build/opencv_use -- -j16 -l16
[0.111s] [35m[1mConsolidate compiler generated dependencies of target my_opencv[0m
[0.125s] [ 50%] [32mBuilding CXX object CMakeFiles/my_opencv.dir/src/my_opencv.cpp.o[0m
[5.752s] [100%] [32m[1mLinking CXX executable my_opencv[0m
[6.063s] [100%] Built target my_opencv
[6.092s] Invoked command in '/workspaces/autoAim/wkspace/src/build/opencv_use' returned '0': CMAKE_PREFIX_PATH=/opt/ros/humble /usr/bin/cmake --build /workspaces/autoAim/wkspace/src/build/opencv_use -- -j16 -l16
[6.129s] Invoking command in '/workspaces/autoAim/wkspace/src/build/opencv_use': CMAKE_PREFIX_PATH=/opt/ros/humble /usr/bin/cmake --install /workspaces/autoAim/wkspace/src/build/opencv_use
[6.136s] -- Install configuration: ""
[6.137s] -- Installing: /workspaces/autoAim/wkspace/src/install/opencv_use/lib/opencv_use/my_opencv
[6.137s] -- Set runtime path of "/workspaces/autoAim/wkspace/src/install/opencv_use/lib/opencv_use/my_opencv" to ""
[6.137s] -- Up-to-date: /workspaces/autoAim/wkspace/src/install/opencv_use/share/ament_index/resource_index/package_run_dependencies/opencv_use
[6.138s] -- Up-to-date: /workspaces/autoAim/wkspace/src/install/opencv_use/share/ament_index/resource_index/parent_prefix_path/opencv_use
[6.138s] -- Up-to-date: /workspaces/autoAim/wkspace/src/install/opencv_use/share/opencv_use/environment/ament_prefix_path.sh
[6.138s] -- Up-to-date: /workspaces/autoAim/wkspace/src/install/opencv_use/share/opencv_use/environment/ament_prefix_path.dsv
[6.138s] -- Up-to-date: /workspaces/autoAim/wkspace/src/install/opencv_use/share/opencv_use/environment/path.sh
[6.138s] -- Up-to-date: /workspaces/autoAim/wkspace/src/install/opencv_use/share/opencv_use/environment/path.dsv
[6.140s] -- Up-to-date: /workspaces/autoAim/wkspace/src/install/opencv_use/share/opencv_use/local_setup.bash
[6.141s] -- Up-to-date: /workspaces/autoAim/wkspace/src/install/opencv_use/share/opencv_use/local_setup.sh
[6.143s] -- Up-to-date: /workspaces/autoAim/wkspace/src/install/opencv_use/share/opencv_use/local_setup.zsh
[6.144s] -- Up-to-date: /workspaces/autoAim/wkspace/src/install/opencv_use/share/opencv_use/local_setup.dsv
[6.144s] -- Up-to-date: /workspaces/autoAim/wkspace/src/install/opencv_use/share/opencv_use/package.dsv
[6.145s] -- Up-to-date: /workspaces/autoAim/wkspace/src/install/opencv_use/share/ament_index/resource_index/packages/opencv_use
[6.145s] -- Up-to-date: /workspaces/autoAim/wkspace/src/install/opencv_use/share/opencv_use/cmake/opencv_useConfig.cmake
[6.145s] -- Up-to-date: /workspaces/autoAim/wkspace/src/install/opencv_use/share/opencv_use/cmake/opencv_useConfig-version.cmake
[6.145s] -- Up-to-date: /workspaces/autoAim/wkspace/src/install/opencv_use/share/opencv_use/package.xml
[6.146s] Invoked command in '/workspaces/autoAim/wkspace/src/build/opencv_use' returned '0': CMAKE_PREFIX_PATH=/opt/ros/humble /usr/bin/cmake --install /workspaces/autoAim/wkspace/src/build/opencv_use
