[0.047s] Invoking command in '/workspaces/autoAim/wkspace/src/build/opencv_use': /usr/bin/cmake /workspaces/autoAim/wkspace/src/opencv_use -DCMAKE_INSTALL_PREFIX=/workspaces/autoAim/wkspace/src/install/opencv_use
[0.157s] -- The C compiler identification is GNU 11.4.0
[0.270s] -- The CXX compiler identification is GNU 11.4.0
[0.284s] -- Detecting C compiler ABI info
[0.423s] -- Detecting C compiler ABI info - done
[0.438s] -- Check for working C compiler: /usr/bin/cc - skipped
[0.439s] -- Detecting C compile features
[0.440s] -- Detecting C compile features - done
[0.447s] -- Detecting CXX compiler ABI info
[0.584s] -- Detecting CXX compiler ABI info - done
[0.598s] -- Check for working CXX compiler: /usr/bin/c++ - skipped
[0.598s] -- Detecting CXX compile features
[0.599s] -- Detecting CXX compile features - done
[0.613s] [31mCMake Error at CMakeLists.txt:9 (find_package):
[0.613s]   By not providing "Findament_cmake.cmake" in CMAKE_MODULE_PATH this project
[0.613s]   has asked CMake to find a package configuration file provided by
[0.613s]   "ament_cmake", but CMake did not find one.
[0.614s] 
[0.614s]   Could not find a package configuration file provided by "ament_cmake" with
[0.614s]   any of the following names:
[0.614s] 
[0.614s]     ament_cmakeConfig.cmake
[0.614s]     ament_cmake-config.cmake
[0.614s] 
[0.614s]   Add the installation prefix of "ament_cmake" to CMAKE_PREFIX_PATH or set
[0.615s]   "ament_cmake_DIR" to a directory containing one of the above files.  If
[0.615s]   "ament_cmake" provides a separate development package or SDK, be sure it
[0.615s]   has been installed.
[0.615s] 
[0.615s] [0m
[0.615s] -- Configuring incomplete, errors occurred!
[0.615s] See also "/workspaces/autoAim/wkspace/src/build/opencv_use/CMakeFiles/CMakeOutput.log".
[0.621s] Invoked command in '/workspaces/autoAim/wkspace/src/build/opencv_use' returned '1': /usr/bin/cmake /workspaces/autoAim/wkspace/src/opencv_use -DCMAKE_INSTALL_PREFIX=/workspaces/autoAim/wkspace/src/install/opencv_use
