[1.338s] DEBUG:colcon:Command line arguments: ['/usr/bin/colcon', 'build']
[1.338s] DEBUG:colcon:Parsed command line arguments: Namespace(log_base=None, log_level=None, verb_name='build', build_base='build', install_base='install', merge_install=False, symlink_install=False, test_result_base=None, continue_on_error=False, executor='parallel', parallel_workers=16, event_handlers=None, ignore_user_meta=False, metas=['./colcon.meta'], base_paths=['.'], packages_ignore=None, packages_ignore_regex=None, paths=None, packages_up_to=None, packages_up_to_regex=None, packages_above=None, packages_above_and_dependencies=None, packages_above_depth=None, packages_select_by_dep=None, packages_skip_by_dep=None, packages_skip_up_to=None, packages_select_build_failed=False, packages_skip_build_finished=False, packages_select_test_failures=False, packages_skip_test_passed=False, packages_select=None, packages_skip=None, packages_select_regex=None, packages_skip_regex=None, packages_start=None, packages_end=None, cmake_args=None, cmake_target=None, cmake_target_skip_unavailable=False, cmake_clean_cache=False, cmake_clean_first=False, cmake_force_configure=False, ament_cmake_args=None, catkin_cmake_args=None, catkin_skip_building_tests=False, mixin_files=None, mixin=None, verb_parser=<colcon_mixin.mixin.mixin_argument.MixinArgumentDecorator object at 0x7fba8e0fe860>, verb_extension=<colcon_core.verb.build.BuildVerb object at 0x7fba8e0fe1d0>, main=<bound method BuildVerb.main of <colcon_core.verb.build.BuildVerb object at 0x7fba8e0fe1d0>>, mixin_verb=('build',))
[1.402s] Level 1:colcon.colcon_core.package_discovery:discover_packages(colcon_meta) check parameters
[1.403s] INFO:colcon.colcon_metadata.package_discovery.colcon_meta:Using configuration from '/root/.colcon/metadata/default/Gazebo.meta'
[1.405s] INFO:colcon.colcon_metadata.package_discovery.colcon_meta:Using configuration from '/root/.colcon/metadata/default/fastrtps.meta'
[1.405s] Level 1:colcon.colcon_core.package_discovery:discover_packages(recursive) check parameters
[1.406s] Level 1:colcon.colcon_core.package_discovery:discover_packages(ignore) check parameters
[1.406s] Level 1:colcon.colcon_core.package_discovery:discover_packages(path) check parameters
[1.406s] Level 1:colcon.colcon_core.package_discovery:discover_packages(colcon_meta) discover
[1.406s] Level 1:colcon.colcon_core.package_discovery:discover_packages(recursive) discover
[1.406s] INFO:colcon.colcon_core.package_discovery:Crawling recursively for packages in '/workspaces/autoAim/wkspace/src'
[1.406s] Level 1:colcon.colcon_core.package_identification:_identify(.) by extensions ['ignore', 'ignore_ament_install']
[1.407s] Level 1:colcon.colcon_core.package_identification:_identify(.) by extension 'ignore'
[1.407s] Level 1:colcon.colcon_core.package_identification:_identify(.) by extension 'ignore_ament_install'
[1.407s] Level 1:colcon.colcon_core.package_identification:_identify(.) by extensions ['colcon_pkg']
[1.407s] Level 1:colcon.colcon_core.package_identification:_identify(.) by extension 'colcon_pkg'
[1.407s] Level 1:colcon.colcon_core.package_identification:_identify(.) by extensions ['colcon_meta']
[1.407s] Level 1:colcon.colcon_core.package_identification:_identify(.) by extension 'colcon_meta'
[1.408s] Level 1:colcon.colcon_core.package_identification:_identify(.) by extensions ['ros']
[1.408s] Level 1:colcon.colcon_core.package_identification:_identify(.) by extension 'ros'
[1.432s] Level 1:colcon.colcon_core.package_identification:_identify(.) by extensions ['cmake', 'python']
[1.433s] Level 1:colcon.colcon_core.package_identification:_identify(.) by extension 'cmake'
[1.433s] Level 1:colcon.colcon_core.package_identification:_identify(.) by extension 'python'
[1.433s] Level 1:colcon.colcon_core.package_identification:_identify(.) by extensions ['python_setup_py']
[1.433s] Level 1:colcon.colcon_core.package_identification:_identify(.) by extension 'python_setup_py'
[1.433s] Level 1:colcon.colcon_core.package_identification:_identify(build) by extensions ['ignore', 'ignore_ament_install']
[1.434s] Level 1:colcon.colcon_core.package_identification:_identify(build) by extension 'ignore'
[1.434s] Level 1:colcon.colcon_core.package_identification:_identify(build) ignored
[1.434s] Level 1:colcon.colcon_core.package_identification:_identify(install) by extensions ['ignore', 'ignore_ament_install']
[1.435s] Level 1:colcon.colcon_core.package_identification:_identify(install) by extension 'ignore'
[1.435s] Level 1:colcon.colcon_core.package_identification:_identify(install) ignored
[1.435s] Level 1:colcon.colcon_core.package_identification:_identify(log) by extensions ['ignore', 'ignore_ament_install']
[1.436s] Level 1:colcon.colcon_core.package_identification:_identify(log) by extension 'ignore'
[1.436s] Level 1:colcon.colcon_core.package_identification:_identify(log) ignored
[1.436s] Level 1:colcon.colcon_core.package_identification:_identify(opencv_use) by extensions ['ignore', 'ignore_ament_install']
[1.436s] Level 1:colcon.colcon_core.package_identification:_identify(opencv_use) by extension 'ignore'
[1.436s] Level 1:colcon.colcon_core.package_identification:_identify(opencv_use) by extension 'ignore_ament_install'
[1.437s] Level 1:colcon.colcon_core.package_identification:_identify(opencv_use) by extensions ['colcon_pkg']
[1.437s] Level 1:colcon.colcon_core.package_identification:_identify(opencv_use) by extension 'colcon_pkg'
[1.437s] Level 1:colcon.colcon_core.package_identification:_identify(opencv_use) by extensions ['colcon_meta']
[1.437s] Level 1:colcon.colcon_core.package_identification:_identify(opencv_use) by extension 'colcon_meta'
[1.437s] Level 1:colcon.colcon_core.package_identification:_identify(opencv_use) by extensions ['ros']
[1.437s] Level 1:colcon.colcon_core.package_identification:_identify(opencv_use) by extension 'ros'
[1.441s] DEBUG:colcon.colcon_core.package_identification:Package 'opencv_use' with type 'ros.ament_cmake' and name 'opencv_use'
[1.441s] Level 1:colcon.colcon_core.package_discovery:discover_packages(recursive) using defaults
[1.442s] Level 1:colcon.colcon_core.package_discovery:discover_packages(ignore) discover
[1.442s] Level 1:colcon.colcon_core.package_discovery:discover_packages(ignore) using defaults
[1.442s] Level 1:colcon.colcon_core.package_discovery:discover_packages(path) discover
[1.442s] Level 1:colcon.colcon_core.package_discovery:discover_packages(path) using defaults
[1.533s] Level 5:colcon.colcon_core.verb:set package 'opencv_use' build argument 'cmake_args' from command line to 'None'
[1.534s] Level 5:colcon.colcon_core.verb:set package 'opencv_use' build argument 'cmake_target' from command line to 'None'
[1.534s] Level 5:colcon.colcon_core.verb:set package 'opencv_use' build argument 'cmake_target_skip_unavailable' from command line to 'False'
[1.534s] Level 5:colcon.colcon_core.verb:set package 'opencv_use' build argument 'cmake_clean_cache' from command line to 'False'
[1.534s] Level 5:colcon.colcon_core.verb:set package 'opencv_use' build argument 'cmake_clean_first' from command line to 'False'
[1.534s] Level 5:colcon.colcon_core.verb:set package 'opencv_use' build argument 'cmake_force_configure' from command line to 'False'
[1.534s] Level 5:colcon.colcon_core.verb:set package 'opencv_use' build argument 'ament_cmake_args' from command line to 'None'
[1.534s] Level 5:colcon.colcon_core.verb:set package 'opencv_use' build argument 'catkin_cmake_args' from command line to 'None'
[1.534s] Level 5:colcon.colcon_core.verb:set package 'opencv_use' build argument 'catkin_skip_building_tests' from command line to 'False'
[1.534s] DEBUG:colcon.colcon_core.verb:Building package 'opencv_use' with the following arguments: {'ament_cmake_args': None, 'build_base': '/workspaces/autoAim/wkspace/src/build/opencv_use', 'catkin_cmake_args': None, 'catkin_skip_building_tests': False, 'cmake_args': None, 'cmake_clean_cache': False, 'cmake_clean_first': False, 'cmake_force_configure': False, 'cmake_target': None, 'cmake_target_skip_unavailable': False, 'install_base': '/workspaces/autoAim/wkspace/src/install/opencv_use', 'merge_install': False, 'path': '/workspaces/autoAim/wkspace/src/opencv_use', 'symlink_install': False, 'test_result_base': None}
[1.558s] INFO:colcon.colcon_core.executor:Executing jobs using 'parallel' executor
[1.577s] DEBUG:colcon.colcon_parallel_executor.executor.parallel:run_until_complete
[1.577s] INFO:colcon.colcon_ros.task.ament_cmake.build:Building ROS package in '/workspaces/autoAim/wkspace/src/opencv_use' with build type 'ament_cmake'
[1.578s] INFO:colcon.colcon_cmake.task.cmake.build:Building CMake package in '/workspaces/autoAim/wkspace/src/opencv_use'
[1.598s] INFO:colcon.colcon_core.plugin_system:Skipping extension 'colcon_core.shell.bat': Not used on non-Windows systems
[1.598s] INFO:colcon.colcon_core.shell:Skip shell extension 'powershell' for command environment: Not usable outside of PowerShell
[1.599s] DEBUG:colcon.colcon_core.shell:Skip shell extension 'dsv' for command environment
[9.647s] Level 1:colcon.colcon_core.environment:create_environment_scripts_only(opencv_use)
[9.664s] Level 1:colcon.colcon_core.environment:checking '/workspaces/autoAim/wkspace/src/install/opencv_use' for CMake module files
[9.664s] Level 1:colcon.colcon_core.environment:checking '/workspaces/autoAim/wkspace/src/install/opencv_use' for CMake config files
[9.665s] Level 1:colcon.colcon_core.shell:create_environment_hook('opencv_use', 'cmake_prefix_path')
[9.678s] INFO:colcon.colcon_core.shell:Creating environment hook '/workspaces/autoAim/wkspace/src/install/opencv_use/share/opencv_use/hook/cmake_prefix_path.ps1'
[9.679s] INFO:colcon.colcon_core.shell:Creating environment descriptor '/workspaces/autoAim/wkspace/src/install/opencv_use/share/opencv_use/hook/cmake_prefix_path.dsv'
[9.680s] INFO:colcon.colcon_core.shell:Creating environment hook '/workspaces/autoAim/wkspace/src/install/opencv_use/share/opencv_use/hook/cmake_prefix_path.sh'
[9.681s] Level 1:colcon.colcon_core.environment:checking '/workspaces/autoAim/wkspace/src/install/opencv_use/lib'
[9.681s] Level 1:colcon.colcon_core.environment:checking '/workspaces/autoAim/wkspace/src/install/opencv_use/bin'
[9.682s] Level 1:colcon.colcon_core.environment:checking '/workspaces/autoAim/wkspace/src/install/opencv_use/lib/pkgconfig/opencv_use.pc'
[9.683s] Level 1:colcon.colcon_core.environment:checking '/workspaces/autoAim/wkspace/src/install/opencv_use/lib/python3.10/site-packages'
[9.684s] Level 1:colcon.colcon_core.environment:checking '/workspaces/autoAim/wkspace/src/install/opencv_use/bin'
[9.695s] INFO:colcon.colcon_core.shell:Creating package script '/workspaces/autoAim/wkspace/src/install/opencv_use/share/opencv_use/package.ps1'
[9.696s] INFO:colcon.colcon_core.shell:Creating package descriptor '/workspaces/autoAim/wkspace/src/install/opencv_use/share/opencv_use/package.dsv'
[9.696s] INFO:colcon.colcon_core.shell:Creating package script '/workspaces/autoAim/wkspace/src/install/opencv_use/share/opencv_use/package.sh'
[9.698s] INFO:colcon.colcon_core.shell:Creating package script '/workspaces/autoAim/wkspace/src/install/opencv_use/share/opencv_use/package.bash'
[9.699s] INFO:colcon.colcon_core.shell:Creating package script '/workspaces/autoAim/wkspace/src/install/opencv_use/share/opencv_use/package.zsh'
[9.699s] Level 1:colcon.colcon_core.environment:create_file_with_runtime_dependencies(/workspaces/autoAim/wkspace/src/install/opencv_use/share/colcon-core/packages/opencv_use)
[10.446s] DEBUG:colcon.colcon_core.event_handler.log_command:Invoking command in '/workspaces/autoAim/wkspace/src/build/opencv_use': CMAKE_PREFIX_PATH=/opt/ros/humble /usr/bin/cmake --build /workspaces/autoAim/wkspace/src/build/opencv_use -- -j16 -l16
[10.449s] DEBUG:colcon.colcon_core.event_handler.log_command:Invoked command in '/workspaces/autoAim/wkspace/src/build/opencv_use' returned '2': CMAKE_PREFIX_PATH=/opt/ros/humble /usr/bin/cmake --build /workspaces/autoAim/wkspace/src/build/opencv_use -- -j16 -l16
[10.451s] DEBUG:colcon.colcon_parallel_executor.executor.parallel:closing loop
[10.453s] DEBUG:colcon.colcon_parallel_executor.executor.parallel:loop closed
[10.458s] DEBUG:colcon.colcon_parallel_executor.executor.parallel:run_until_complete finished with '2'
[10.459s] DEBUG:colcon.colcon_core.event_reactor:joining thread
[10.496s] INFO:colcon.colcon_core.plugin_system:Skipping extension 'colcon_notification.desktop_notification.notify_send': Could not find 'notify-send'
[10.496s] INFO:colcon.colcon_core.plugin_system:Skipping extension 'colcon_notification.desktop_notification.terminal_notifier': Not used on non-Darwin systems
[10.496s] INFO:colcon.colcon_core.plugin_system:Skipping extension 'colcon_notification.desktop_notification.win32': Not used on non-Windows systems
[10.496s] INFO:colcon.colcon_notification.desktop_notification:Sending desktop notification using 'notify2'
[10.503s] DEBUG:colcon.colcon_notification.desktop_notification.notify2:Failed to initialize notify2: org.freedesktop.DBus.Error.Spawn.ExecFailed: /usr/bin/dbus-launch terminated abnormally without any error message
[10.504s] DEBUG:colcon.colcon_core.event_reactor:joined thread
[10.522s] INFO:colcon.colcon_core.shell:Creating prefix script '/workspaces/autoAim/wkspace/src/install/local_setup.ps1'
[10.524s] INFO:colcon.colcon_core.shell:Creating prefix util module '/workspaces/autoAim/wkspace/src/install/_local_setup_util_ps1.py'
[10.527s] INFO:colcon.colcon_core.shell:Creating prefix chain script '/workspaces/autoAim/wkspace/src/install/setup.ps1'
[10.540s] INFO:colcon.colcon_core.shell:Creating prefix script '/workspaces/autoAim/wkspace/src/install/local_setup.sh'
[10.541s] INFO:colcon.colcon_core.shell:Creating prefix util module '/workspaces/autoAim/wkspace/src/install/_local_setup_util_sh.py'
[10.543s] INFO:colcon.colcon_core.shell:Creating prefix chain script '/workspaces/autoAim/wkspace/src/install/setup.sh'
[10.557s] INFO:colcon.colcon_core.shell:Creating prefix script '/workspaces/autoAim/wkspace/src/install/local_setup.bash'
[10.558s] INFO:colcon.colcon_core.shell:Creating prefix chain script '/workspaces/autoAim/wkspace/src/install/setup.bash'
[10.575s] INFO:colcon.colcon_core.shell:Creating prefix script '/workspaces/autoAim/wkspace/src/install/local_setup.zsh'
[10.577s] INFO:colcon.colcon_core.shell:Creating prefix chain script '/workspaces/autoAim/wkspace/src/install/setup.zsh'
