[0.720s] Invoking command in '/workspaces/autoAim/wkspace/src/ROS-TCP-Endpoint': PYTHONPATH=/workspaces/autoAim/wkspace/src/build/ros_tcp_endpoint/prefix_override:/workspaces/autoAim/wkspace/src/install/ros_tcp_endpoint/lib/python3.10/site-packages:${PYTHONPATH} /usr/bin/python3 setup.py egg_info --egg-base ../build/ros_tcp_endpoint build --build-base /workspaces/autoAim/wkspace/src/build/ros_tcp_endpoint/build install --record /workspaces/autoAim/wkspace/src/build/ros_tcp_endpoint/install.log --install-scripts $base/lib/ros_tcp_endpoint --single-version-externally-managed
[0.906s] /usr/lib/python3/dist-packages/setuptools/dist.py:723: UserWarning: Usage of dash-separated 'script-dir' will not be supported in future versions. Please use the underscore name 'script_dir' instead
[0.907s]   warnings.warn(
[0.914s] running egg_info
[0.915s] creating ../build/ros_tcp_endpoint/ros_tcp_endpoint.egg-info
[0.915s] writing ../build/ros_tcp_endpoint/ros_tcp_endpoint.egg-info/PKG-INFO
[0.915s] writing dependency_links to ../build/ros_tcp_endpoint/ros_tcp_endpoint.egg-info/dependency_links.txt
[0.916s] writing entry points to ../build/ros_tcp_endpoint/ros_tcp_endpoint.egg-info/entry_points.txt
[0.916s] writing requirements to ../build/ros_tcp_endpoint/ros_tcp_endpoint.egg-info/requires.txt
[0.916s] writing top-level names to ../build/ros_tcp_endpoint/ros_tcp_endpoint.egg-info/top_level.txt
[0.916s] writing manifest file '../build/ros_tcp_endpoint/ros_tcp_endpoint.egg-info/SOURCES.txt'
[0.917s] reading manifest file '../build/ros_tcp_endpoint/ros_tcp_endpoint.egg-info/SOURCES.txt'
[0.918s] adding license file 'LICENSE'
[0.918s] writing manifest file '../build/ros_tcp_endpoint/ros_tcp_endpoint.egg-info/SOURCES.txt'
[0.919s] running build
[0.919s] running build_py
[0.919s] creating /workspaces/autoAim/wkspace/src/build/ros_tcp_endpoint/build
[0.920s] creating /workspaces/autoAim/wkspace/src/build/ros_tcp_endpoint/build/lib
[0.920s] creating /workspaces/autoAim/wkspace/src/build/ros_tcp_endpoint/build/lib/ros_tcp_endpoint
[0.920s] copying ros_tcp_endpoint/service.py -> /workspaces/autoAim/wkspace/src/build/ros_tcp_endpoint/build/lib/ros_tcp_endpoint
[0.921s] copying ros_tcp_endpoint/communication.py -> /workspaces/autoAim/wkspace/src/build/ros_tcp_endpoint/build/lib/ros_tcp_endpoint
[0.921s] copying ros_tcp_endpoint/__init__.py -> /workspaces/autoAim/wkspace/src/build/ros_tcp_endpoint/build/lib/ros_tcp_endpoint
[0.921s] copying ros_tcp_endpoint/default_server_endpoint.py -> /workspaces/autoAim/wkspace/src/build/ros_tcp_endpoint/build/lib/ros_tcp_endpoint
[0.921s] copying ros_tcp_endpoint/subscriber.py -> /workspaces/autoAim/wkspace/src/build/ros_tcp_endpoint/build/lib/ros_tcp_endpoint
[0.921s] copying ros_tcp_endpoint/server.py -> /workspaces/autoAim/wkspace/src/build/ros_tcp_endpoint/build/lib/ros_tcp_endpoint
[0.921s] copying ros_tcp_endpoint/publisher.py -> /workspaces/autoAim/wkspace/src/build/ros_tcp_endpoint/build/lib/ros_tcp_endpoint
[0.922s] copying ros_tcp_endpoint/tcp_sender.py -> /workspaces/autoAim/wkspace/src/build/ros_tcp_endpoint/build/lib/ros_tcp_endpoint
[0.922s] copying ros_tcp_endpoint/unity_service.py -> /workspaces/autoAim/wkspace/src/build/ros_tcp_endpoint/build/lib/ros_tcp_endpoint
[0.922s] copying ros_tcp_endpoint/client.py -> /workspaces/autoAim/wkspace/src/build/ros_tcp_endpoint/build/lib/ros_tcp_endpoint
[0.922s] copying ros_tcp_endpoint/thread_pauser.py -> /workspaces/autoAim/wkspace/src/build/ros_tcp_endpoint/build/lib/ros_tcp_endpoint
[0.922s] copying ros_tcp_endpoint/exceptions.py -> /workspaces/autoAim/wkspace/src/build/ros_tcp_endpoint/build/lib/ros_tcp_endpoint
[0.922s] running install
[0.923s] /usr/lib/python3/dist-packages/setuptools/command/install.py:34: SetuptoolsDeprecationWarning: setup.py install is deprecated. Use build and pip and other standards-based tools.
[0.923s]   warnings.warn(
[0.923s] running install_lib
[0.923s] creating /workspaces/autoAim/wkspace/src/install/ros_tcp_endpoint/lib/python3.10/site-packages/ros_tcp_endpoint
[0.924s] copying /workspaces/autoAim/wkspace/src/build/ros_tcp_endpoint/build/lib/ros_tcp_endpoint/service.py -> /workspaces/autoAim/wkspace/src/install/ros_tcp_endpoint/lib/python3.10/site-packages/ros_tcp_endpoint
[0.924s] copying /workspaces/autoAim/wkspace/src/build/ros_tcp_endpoint/build/lib/ros_tcp_endpoint/communication.py -> /workspaces/autoAim/wkspace/src/install/ros_tcp_endpoint/lib/python3.10/site-packages/ros_tcp_endpoint
[0.924s] copying /workspaces/autoAim/wkspace/src/build/ros_tcp_endpoint/build/lib/ros_tcp_endpoint/__init__.py -> /workspaces/autoAim/wkspace/src/install/ros_tcp_endpoint/lib/python3.10/site-packages/ros_tcp_endpoint
[0.925s] copying /workspaces/autoAim/wkspace/src/build/ros_tcp_endpoint/build/lib/ros_tcp_endpoint/default_server_endpoint.py -> /workspaces/autoAim/wkspace/src/install/ros_tcp_endpoint/lib/python3.10/site-packages/ros_tcp_endpoint
[0.925s] copying /workspaces/autoAim/wkspace/src/build/ros_tcp_endpoint/build/lib/ros_tcp_endpoint/subscriber.py -> /workspaces/autoAim/wkspace/src/install/ros_tcp_endpoint/lib/python3.10/site-packages/ros_tcp_endpoint
[0.925s] copying /workspaces/autoAim/wkspace/src/build/ros_tcp_endpoint/build/lib/ros_tcp_endpoint/server.py -> /workspaces/autoAim/wkspace/src/install/ros_tcp_endpoint/lib/python3.10/site-packages/ros_tcp_endpoint
[0.925s] copying /workspaces/autoAim/wkspace/src/build/ros_tcp_endpoint/build/lib/ros_tcp_endpoint/publisher.py -> /workspaces/autoAim/wkspace/src/install/ros_tcp_endpoint/lib/python3.10/site-packages/ros_tcp_endpoint
[0.925s] copying /workspaces/autoAim/wkspace/src/build/ros_tcp_endpoint/build/lib/ros_tcp_endpoint/tcp_sender.py -> /workspaces/autoAim/wkspace/src/install/ros_tcp_endpoint/lib/python3.10/site-packages/ros_tcp_endpoint
[0.925s] copying /workspaces/autoAim/wkspace/src/build/ros_tcp_endpoint/build/lib/ros_tcp_endpoint/unity_service.py -> /workspaces/autoAim/wkspace/src/install/ros_tcp_endpoint/lib/python3.10/site-packages/ros_tcp_endpoint
[0.926s] copying /workspaces/autoAim/wkspace/src/build/ros_tcp_endpoint/build/lib/ros_tcp_endpoint/client.py -> /workspaces/autoAim/wkspace/src/install/ros_tcp_endpoint/lib/python3.10/site-packages/ros_tcp_endpoint
[0.926s] copying /workspaces/autoAim/wkspace/src/build/ros_tcp_endpoint/build/lib/ros_tcp_endpoint/thread_pauser.py -> /workspaces/autoAim/wkspace/src/install/ros_tcp_endpoint/lib/python3.10/site-packages/ros_tcp_endpoint
[0.926s] copying /workspaces/autoAim/wkspace/src/build/ros_tcp_endpoint/build/lib/ros_tcp_endpoint/exceptions.py -> /workspaces/autoAim/wkspace/src/install/ros_tcp_endpoint/lib/python3.10/site-packages/ros_tcp_endpoint
[0.926s] byte-compiling /workspaces/autoAim/wkspace/src/install/ros_tcp_endpoint/lib/python3.10/site-packages/ros_tcp_endpoint/service.py to service.cpython-310.pyc
[0.926s] byte-compiling /workspaces/autoAim/wkspace/src/install/ros_tcp_endpoint/lib/python3.10/site-packages/ros_tcp_endpoint/communication.py to communication.cpython-310.pyc
[0.927s] byte-compiling /workspaces/autoAim/wkspace/src/install/ros_tcp_endpoint/lib/python3.10/site-packages/ros_tcp_endpoint/__init__.py to __init__.cpython-310.pyc
[0.927s] byte-compiling /workspaces/autoAim/wkspace/src/install/ros_tcp_endpoint/lib/python3.10/site-packages/ros_tcp_endpoint/default_server_endpoint.py to default_server_endpoint.cpython-310.pyc
[0.927s] byte-compiling /workspaces/autoAim/wkspace/src/install/ros_tcp_endpoint/lib/python3.10/site-packages/ros_tcp_endpoint/subscriber.py to subscriber.cpython-310.pyc
[0.927s] byte-compiling /workspaces/autoAim/wkspace/src/install/ros_tcp_endpoint/lib/python3.10/site-packages/ros_tcp_endpoint/server.py to server.cpython-310.pyc
[0.929s] byte-compiling /workspaces/autoAim/wkspace/src/install/ros_tcp_endpoint/lib/python3.10/site-packages/ros_tcp_endpoint/publisher.py to publisher.cpython-310.pyc
[0.930s] byte-compiling /workspaces/autoAim/wkspace/src/install/ros_tcp_endpoint/lib/python3.10/site-packages/ros_tcp_endpoint/tcp_sender.py to tcp_sender.cpython-310.pyc
[0.931s] byte-compiling /workspaces/autoAim/wkspace/src/install/ros_tcp_endpoint/lib/python3.10/site-packages/ros_tcp_endpoint/unity_service.py to unity_service.cpython-310.pyc
[0.931s] byte-compiling /workspaces/autoAim/wkspace/src/install/ros_tcp_endpoint/lib/python3.10/site-packages/ros_tcp_endpoint/client.py to client.cpython-310.pyc
[0.933s] byte-compiling /workspaces/autoAim/wkspace/src/install/ros_tcp_endpoint/lib/python3.10/site-packages/ros_tcp_endpoint/thread_pauser.py to thread_pauser.cpython-310.pyc
[0.933s] byte-compiling /workspaces/autoAim/wkspace/src/install/ros_tcp_endpoint/lib/python3.10/site-packages/ros_tcp_endpoint/exceptions.py to exceptions.cpython-310.pyc
[0.934s] running install_data
[0.934s] creating /workspaces/autoAim/wkspace/src/install/ros_tcp_endpoint/share/ament_index
[0.935s] creating /workspaces/autoAim/wkspace/src/install/ros_tcp_endpoint/share/ament_index/resource_index
[0.935s] creating /workspaces/autoAim/wkspace/src/install/ros_tcp_endpoint/share/ament_index/resource_index/packages
[0.935s] copying resource/ros_tcp_endpoint -> /workspaces/autoAim/wkspace/src/install/ros_tcp_endpoint/share/ament_index/resource_index/packages
[0.935s] copying package.xml -> /workspaces/autoAim/wkspace/src/install/ros_tcp_endpoint/share/ros_tcp_endpoint
[0.935s] creating /workspaces/autoAim/wkspace/src/install/ros_tcp_endpoint/share/ros_tcp_endpoint/launch
[0.935s] copying launch/endpoint.py -> /workspaces/autoAim/wkspace/src/install/ros_tcp_endpoint/share/ros_tcp_endpoint/launch
[0.935s] running install_egg_info
[0.936s] Copying ../build/ros_tcp_endpoint/ros_tcp_endpoint.egg-info to /workspaces/autoAim/wkspace/src/install/ros_tcp_endpoint/lib/python3.10/site-packages/ros_tcp_endpoint-0.0.1-py3.10.egg-info
[0.937s] running install_scripts
[0.956s] Installing default_server_endpoint script to /workspaces/autoAim/wkspace/src/install/ros_tcp_endpoint/lib/ros_tcp_endpoint
[0.957s] writing list of installed files to '/workspaces/autoAim/wkspace/src/build/ros_tcp_endpoint/install.log'
[0.987s] Invoked command in '/workspaces/autoAim/wkspace/src/ROS-TCP-Endpoint' returned '0': PYTHONPATH=/workspaces/autoAim/wkspace/src/build/ros_tcp_endpoint/prefix_override:/workspaces/autoAim/wkspace/src/install/ros_tcp_endpoint/lib/python3.10/site-packages:${PYTHONPATH} /usr/bin/python3 setup.py egg_info --egg-base ../build/ros_tcp_endpoint build --build-base /workspaces/autoAim/wkspace/src/build/ros_tcp_endpoint/build install --record /workspaces/autoAim/wkspace/src/build/ros_tcp_endpoint/install.log --install-scripts $base/lib/ros_tcp_endpoint --single-version-externally-managed
