[0.078s] Invoking command in '/workspaces/autoAim/wkspace/src/build/cpp_pubsub': CMAKE_PREFIX_PATH=/opt/ros/humble /usr/bin/cmake --build /workspaces/autoAim/wkspace/src/build/cpp_pubsub -- -j16 -l16
[0.110s] -- Found ament_cmake: 1.3.8 (/opt/ros/humble/share/ament_cmake/cmake)
[0.272s] -- Found rclcpp: 16.0.8 (/opt/ros/humble/share/rclcpp/cmake)
[0.307s] -- Found rosidl_generator_c: 3.1.5 (/opt/ros/humble/share/rosidl_generator_c/cmake)
[0.311s] -- Found rosidl_adapter: 3.1.5 (/opt/ros/humble/share/rosidl_adapter/cmake)
[0.320s] -- Found rosidl_generator_cpp: 3.1.5 (/opt/ros/humble/share/rosidl_generator_cpp/cmake)
[0.339s] -- Using all available rosidl_typesupport_c: rosidl_typesupport_fastrtps_c;rosidl_typesupport_introspection_c
[0.364s] -- Using all available rosidl_typesupport_cpp: rosidl_typesupport_fastrtps_cpp;rosidl_typesupport_introspection_cpp
[0.469s] -- Found rmw_implementation_cmake: 6.1.1 (/opt/ros/humble/share/rmw_implementation_cmake/cmake)
[0.471s] -- Found rmw_fastrtps_cpp: 6.2.6 (/opt/ros/humble/share/rmw_fastrtps_cpp/cmake)
[0.644s] -- Using RMW implementation 'rmw_fastrtps_cpp' as default
[1.006s] -- Configuring done
[1.019s] -- Generating done
[1.021s] -- Build files have been written to: /workspaces/autoAim/wkspace/src/build/cpp_pubsub
[1.053s] [35m[1mConsolidate compiler generated dependencies of target talker[0m
[1.073s] [ 50%] [32mBuilding CXX object CMakeFiles/talker.dir/src/member_function.cpp.o[0m
[8.129s] [100%] [32m[1mLinking CXX executable talker[0m
[8.348s] [100%] Built target talker
[8.378s] Invoked command in '/workspaces/autoAim/wkspace/src/build/cpp_pubsub' returned '0': CMAKE_PREFIX_PATH=/opt/ros/humble /usr/bin/cmake --build /workspaces/autoAim/wkspace/src/build/cpp_pubsub -- -j16 -l16
[8.415s] Invoking command in '/workspaces/autoAim/wkspace/src/build/cpp_pubsub': CMAKE_PREFIX_PATH=/opt/ros/humble /usr/bin/cmake --install /workspaces/autoAim/wkspace/src/build/cpp_pubsub
[8.422s] -- Install configuration: ""
[8.422s] -- Installing: /workspaces/autoAim/wkspace/src/install/cpp_pubsub/lib/cpp_pubsub/talker
[8.424s] -- Set runtime path of "/workspaces/autoAim/wkspace/src/install/cpp_pubsub/lib/cpp_pubsub/talker" to ""
[8.424s] -- Up-to-date: /workspaces/autoAim/wkspace/src/install/cpp_pubsub/share/ament_index/resource_index/package_run_dependencies/cpp_pubsub
[8.424s] -- Up-to-date: /workspaces/autoAim/wkspace/src/install/cpp_pubsub/share/ament_index/resource_index/parent_prefix_path/cpp_pubsub
[8.425s] -- Up-to-date: /workspaces/autoAim/wkspace/src/install/cpp_pubsub/share/cpp_pubsub/environment/ament_prefix_path.sh
[8.425s] -- Installing: /workspaces/autoAim/wkspace/src/install/cpp_pubsub/share/cpp_pubsub/environment/ament_prefix_path.dsv
[8.425s] -- Up-to-date: /workspaces/autoAim/wkspace/src/install/cpp_pubsub/share/cpp_pubsub/environment/path.sh
[8.425s] -- Installing: /workspaces/autoAim/wkspace/src/install/cpp_pubsub/share/cpp_pubsub/environment/path.dsv
[8.426s] -- Up-to-date: /workspaces/autoAim/wkspace/src/install/cpp_pubsub/share/cpp_pubsub/local_setup.bash
[8.426s] -- Up-to-date: /workspaces/autoAim/wkspace/src/install/cpp_pubsub/share/cpp_pubsub/local_setup.sh
[8.426s] -- Up-to-date: /workspaces/autoAim/wkspace/src/install/cpp_pubsub/share/cpp_pubsub/local_setup.zsh
[8.426s] -- Installing: /workspaces/autoAim/wkspace/src/install/cpp_pubsub/share/cpp_pubsub/local_setup.dsv
[8.426s] -- Installing: /workspaces/autoAim/wkspace/src/install/cpp_pubsub/share/cpp_pubsub/package.dsv
[8.426s] -- Up-to-date: /workspaces/autoAim/wkspace/src/install/cpp_pubsub/share/ament_index/resource_index/packages/cpp_pubsub
[8.426s] -- Up-to-date: /workspaces/autoAim/wkspace/src/install/cpp_pubsub/share/cpp_pubsub/cmake/cpp_pubsubConfig.cmake
[8.426s] -- Up-to-date: /workspaces/autoAim/wkspace/src/install/cpp_pubsub/share/cpp_pubsub/cmake/cpp_pubsubConfig-version.cmake
[8.426s] -- Up-to-date: /workspaces/autoAim/wkspace/src/install/cpp_pubsub/share/cpp_pubsub/package.xml
[8.428s] Invoked command in '/workspaces/autoAim/wkspace/src/build/cpp_pubsub' returned '0': CMAKE_PREFIX_PATH=/opt/ros/humble /usr/bin/cmake --install /workspaces/autoAim/wkspace/src/build/cpp_pubsub
