[1.450s] DEBUG:colcon:Command line arguments: ['/usr/bin/colcon', 'build']
[1.451s] DEBUG:colcon:Parsed command line arguments: Namespace(log_base=None, log_level=None, verb_name='build', build_base='build', install_base='install', merge_install=False, symlink_install=False, test_result_base=None, continue_on_error=False, executor='parallel', parallel_workers=16, event_handlers=None, ignore_user_meta=False, metas=['./colcon.meta'], base_paths=['.'], packages_ignore=None, packages_ignore_regex=None, paths=None, packages_up_to=None, packages_up_to_regex=None, packages_above=None, packages_above_and_dependencies=None, packages_above_depth=None, packages_select_by_dep=None, packages_skip_by_dep=None, packages_skip_up_to=None, packages_select_build_failed=False, packages_skip_build_finished=False, packages_select_test_failures=False, packages_skip_test_passed=False, packages_select=None, packages_skip=None, packages_select_regex=None, packages_skip_regex=None, packages_start=None, packages_end=None, cmake_args=None, cmake_target=None, cmake_target_skip_unavailable=False, cmake_clean_cache=False, cmake_clean_first=False, cmake_force_configure=False, ament_cmake_args=None, catkin_cmake_args=None, catkin_skip_building_tests=False, mixin_files=None, mixin=None, verb_parser=<colcon_mixin.mixin.mixin_argument.MixinArgumentDecorator object at 0x7ffad54165c0>, verb_extension=<colcon_core.verb.build.BuildVerb object at 0x7ffad5414520>, main=<bound method BuildVerb.main of <colcon_core.verb.build.BuildVerb object at 0x7ffad5414520>>, mixin_verb=('build',))
[1.508s] Level 1:colcon.colcon_core.package_discovery:discover_packages(colcon_meta) check parameters
[1.509s] INFO:colcon.colcon_metadata.package_discovery.colcon_meta:Using configuration from '/root/.colcon/metadata/default/Gazebo.meta'
[1.510s] INFO:colcon.colcon_metadata.package_discovery.colcon_meta:Using configuration from '/root/.colcon/metadata/default/fastrtps.meta'
[1.510s] Level 1:colcon.colcon_core.package_discovery:discover_packages(recursive) check parameters
[1.510s] Level 1:colcon.colcon_core.package_discovery:discover_packages(ignore) check parameters
[1.510s] Level 1:colcon.colcon_core.package_discovery:discover_packages(path) check parameters
[1.510s] Level 1:colcon.colcon_core.package_discovery:discover_packages(colcon_meta) discover
[1.510s] Level 1:colcon.colcon_core.package_discovery:discover_packages(recursive) discover
[1.510s] INFO:colcon.colcon_core.package_discovery:Crawling recursively for packages in '/workspaces/autoAim/wkspace/src'
[1.510s] Level 1:colcon.colcon_core.package_identification:_identify(.) by extensions ['ignore', 'ignore_ament_install']
[1.511s] Level 1:colcon.colcon_core.package_identification:_identify(.) by extension 'ignore'
[1.511s] Level 1:colcon.colcon_core.package_identification:_identify(.) by extension 'ignore_ament_install'
[1.511s] Level 1:colcon.colcon_core.package_identification:_identify(.) by extensions ['colcon_pkg']
[1.511s] Level 1:colcon.colcon_core.package_identification:_identify(.) by extension 'colcon_pkg'
[1.511s] Level 1:colcon.colcon_core.package_identification:_identify(.) by extensions ['colcon_meta']
[1.511s] Level 1:colcon.colcon_core.package_identification:_identify(.) by extension 'colcon_meta'
[1.511s] Level 1:colcon.colcon_core.package_identification:_identify(.) by extensions ['ros']
[1.511s] Level 1:colcon.colcon_core.package_identification:_identify(.) by extension 'ros'
[1.530s] Level 1:colcon.colcon_core.package_identification:_identify(.) by extensions ['cmake', 'python']
[1.531s] Level 1:colcon.colcon_core.package_identification:_identify(.) by extension 'cmake'
[1.531s] Level 1:colcon.colcon_core.package_identification:_identify(.) by extension 'python'
[1.531s] Level 1:colcon.colcon_core.package_identification:_identify(.) by extensions ['python_setup_py']
[1.531s] Level 1:colcon.colcon_core.package_identification:_identify(.) by extension 'python_setup_py'
[1.532s] Level 1:colcon.colcon_core.package_identification:_identify(build) by extensions ['ignore', 'ignore_ament_install']
[1.532s] Level 1:colcon.colcon_core.package_identification:_identify(build) by extension 'ignore'
[1.532s] Level 1:colcon.colcon_core.package_identification:_identify(build) ignored
[1.533s] Level 1:colcon.colcon_core.package_identification:_identify(install) by extensions ['ignore', 'ignore_ament_install']
[1.533s] Level 1:colcon.colcon_core.package_identification:_identify(install) by extension 'ignore'
[1.534s] Level 1:colcon.colcon_core.package_identification:_identify(install) ignored
[1.534s] Level 1:colcon.colcon_core.package_identification:_identify(log) by extensions ['ignore', 'ignore_ament_install']
[1.535s] Level 1:colcon.colcon_core.package_identification:_identify(log) by extension 'ignore'
[1.535s] Level 1:colcon.colcon_core.package_identification:_identify(log) ignored
[1.535s] Level 1:colcon.colcon_core.package_identification:_identify(opencv_use) by extensions ['ignore', 'ignore_ament_install']
[1.535s] Level 1:colcon.colcon_core.package_identification:_identify(opencv_use) by extension 'ignore'
[1.535s] Level 1:colcon.colcon_core.package_identification:_identify(opencv_use) by extension 'ignore_ament_install'
[1.536s] Level 1:colcon.colcon_core.package_identification:_identify(opencv_use) by extensions ['colcon_pkg']
[1.536s] Level 1:colcon.colcon_core.package_identification:_identify(opencv_use) by extension 'colcon_pkg'
[1.536s] Level 1:colcon.colcon_core.package_identification:_identify(opencv_use) by extensions ['colcon_meta']
[1.536s] Level 1:colcon.colcon_core.package_identification:_identify(opencv_use) by extension 'colcon_meta'
[1.536s] Level 1:colcon.colcon_core.package_identification:_identify(opencv_use) by extensions ['ros']
[1.536s] Level 1:colcon.colcon_core.package_identification:_identify(opencv_use) by extension 'ros'
[1.542s] DEBUG:colcon.colcon_core.package_identification:Package 'opencv_use' with type 'ros.ament_cmake' and name 'opencv_use'
[1.542s] Level 1:colcon.colcon_core.package_discovery:discover_packages(recursive) using defaults
[1.542s] Level 1:colcon.colcon_core.package_discovery:discover_packages(ignore) discover
[1.542s] Level 1:colcon.colcon_core.package_discovery:discover_packages(ignore) using defaults
[1.542s] Level 1:colcon.colcon_core.package_discovery:discover_packages(path) discover
[1.542s] Level 1:colcon.colcon_core.package_discovery:discover_packages(path) using defaults
[1.634s] Level 5:colcon.colcon_core.verb:set package 'opencv_use' build argument 'cmake_args' from command line to 'None'
[1.635s] Level 5:colcon.colcon_core.verb:set package 'opencv_use' build argument 'cmake_target' from command line to 'None'
[1.635s] Level 5:colcon.colcon_core.verb:set package 'opencv_use' build argument 'cmake_target_skip_unavailable' from command line to 'False'
[1.635s] Level 5:colcon.colcon_core.verb:set package 'opencv_use' build argument 'cmake_clean_cache' from command line to 'False'
[1.635s] Level 5:colcon.colcon_core.verb:set package 'opencv_use' build argument 'cmake_clean_first' from command line to 'False'
[1.635s] Level 5:colcon.colcon_core.verb:set package 'opencv_use' build argument 'cmake_force_configure' from command line to 'False'
[1.635s] Level 5:colcon.colcon_core.verb:set package 'opencv_use' build argument 'ament_cmake_args' from command line to 'None'
[1.635s] Level 5:colcon.colcon_core.verb:set package 'opencv_use' build argument 'catkin_cmake_args' from command line to 'None'
[1.635s] Level 5:colcon.colcon_core.verb:set package 'opencv_use' build argument 'catkin_skip_building_tests' from command line to 'False'
[1.635s] DEBUG:colcon.colcon_core.verb:Building package 'opencv_use' with the following arguments: {'ament_cmake_args': None, 'build_base': '/workspaces/autoAim/wkspace/src/build/opencv_use', 'catkin_cmake_args': None, 'catkin_skip_building_tests': False, 'cmake_args': None, 'cmake_clean_cache': False, 'cmake_clean_first': False, 'cmake_force_configure': False, 'cmake_target': None, 'cmake_target_skip_unavailable': False, 'install_base': '/workspaces/autoAim/wkspace/src/install/opencv_use', 'merge_install': False, 'path': '/workspaces/autoAim/wkspace/src/opencv_use', 'symlink_install': False, 'test_result_base': None}
[1.648s] INFO:colcon.colcon_core.executor:Executing jobs using 'parallel' executor
[1.663s] DEBUG:colcon.colcon_parallel_executor.executor.parallel:run_until_complete
[1.663s] INFO:colcon.colcon_ros.task.ament_cmake.build:Building ROS package in '/workspaces/autoAim/wkspace/src/opencv_use' with build type 'ament_cmake'
[1.664s] INFO:colcon.colcon_cmake.task.cmake.build:Building CMake package in '/workspaces/autoAim/wkspace/src/opencv_use'
[1.683s] INFO:colcon.colcon_core.plugin_system:Skipping extension 'colcon_core.shell.bat': Not used on non-Windows systems
[1.684s] INFO:colcon.colcon_core.shell:Skip shell extension 'powershell' for command environment: Not usable outside of PowerShell
[1.684s] DEBUG:colcon.colcon_core.shell:Skip shell extension 'dsv' for command environment
[1.743s] DEBUG:colcon.colcon_core.event_handler.log_command:Invoking command in '/workspaces/autoAim/wkspace/src/build/opencv_use': CMAKE_PREFIX_PATH=/opt/ros/humble /usr/bin/cmake --build /workspaces/autoAim/wkspace/src/build/opencv_use -- -j16 -l16
[3.132s] DEBUG:colcon.colcon_core.event_handler.log_command:Invoked command in '/workspaces/autoAim/wkspace/src/build/opencv_use' returned '0': CMAKE_PREFIX_PATH=/opt/ros/humble /usr/bin/cmake --build /workspaces/autoAim/wkspace/src/build/opencv_use -- -j16 -l16
[3.174s] DEBUG:colcon.colcon_core.event_handler.log_command:Invoking command in '/workspaces/autoAim/wkspace/src/build/opencv_use': CMAKE_PREFIX_PATH=/opt/ros/humble /usr/bin/cmake --install /workspaces/autoAim/wkspace/src/build/opencv_use
[3.191s] Level 1:colcon.colcon_core.environment:create_environment_scripts_only(opencv_use)
[3.193s] DEBUG:colcon.colcon_core.event_handler.log_command:Invoked command in '/workspaces/autoAim/wkspace/src/build/opencv_use' returned '0': CMAKE_PREFIX_PATH=/opt/ros/humble /usr/bin/cmake --install /workspaces/autoAim/wkspace/src/build/opencv_use
[3.209s] Level 1:colcon.colcon_core.environment:checking '/workspaces/autoAim/wkspace/src/install/opencv_use' for CMake module files
[3.210s] Level 1:colcon.colcon_core.environment:checking '/workspaces/autoAim/wkspace/src/install/opencv_use' for CMake config files
[3.210s] Level 1:colcon.colcon_core.shell:create_environment_hook('opencv_use', 'cmake_prefix_path')
[3.225s] INFO:colcon.colcon_core.shell:Creating environment hook '/workspaces/autoAim/wkspace/src/install/opencv_use/share/opencv_use/hook/cmake_prefix_path.ps1'
[3.226s] INFO:colcon.colcon_core.shell:Creating environment descriptor '/workspaces/autoAim/wkspace/src/install/opencv_use/share/opencv_use/hook/cmake_prefix_path.dsv'
[3.227s] INFO:colcon.colcon_core.shell:Creating environment hook '/workspaces/autoAim/wkspace/src/install/opencv_use/share/opencv_use/hook/cmake_prefix_path.sh'
[3.228s] Level 1:colcon.colcon_core.environment:checking '/workspaces/autoAim/wkspace/src/install/opencv_use/lib'
[3.229s] Level 1:colcon.colcon_core.environment:checking '/workspaces/autoAim/wkspace/src/install/opencv_use/bin'
[3.229s] Level 1:colcon.colcon_core.environment:checking '/workspaces/autoAim/wkspace/src/install/opencv_use/lib/pkgconfig/opencv_use.pc'
[3.231s] Level 1:colcon.colcon_core.environment:checking '/workspaces/autoAim/wkspace/src/install/opencv_use/lib/python3.10/site-packages'
[3.232s] Level 1:colcon.colcon_core.environment:checking '/workspaces/autoAim/wkspace/src/install/opencv_use/bin'
[3.245s] INFO:colcon.colcon_core.shell:Creating package script '/workspaces/autoAim/wkspace/src/install/opencv_use/share/opencv_use/package.ps1'
[3.247s] INFO:colcon.colcon_core.shell:Creating package descriptor '/workspaces/autoAim/wkspace/src/install/opencv_use/share/opencv_use/package.dsv'
[3.247s] INFO:colcon.colcon_core.shell:Creating package script '/workspaces/autoAim/wkspace/src/install/opencv_use/share/opencv_use/package.sh'
[3.249s] INFO:colcon.colcon_core.shell:Creating package script '/workspaces/autoAim/wkspace/src/install/opencv_use/share/opencv_use/package.bash'
[3.250s] INFO:colcon.colcon_core.shell:Creating package script '/workspaces/autoAim/wkspace/src/install/opencv_use/share/opencv_use/package.zsh'
[3.251s] Level 1:colcon.colcon_core.environment:create_file_with_runtime_dependencies(/workspaces/autoAim/wkspace/src/install/opencv_use/share/colcon-core/packages/opencv_use)
[3.294s] Level 1:colcon.colcon_core.environment:create_environment_scripts_only(opencv_use)
[3.308s] Level 1:colcon.colcon_core.environment:checking '/workspaces/autoAim/wkspace/src/install/opencv_use' for CMake module files
[3.309s] Level 1:colcon.colcon_core.environment:checking '/workspaces/autoAim/wkspace/src/install/opencv_use' for CMake config files
[3.309s] Level 1:colcon.colcon_core.shell:create_environment_hook('opencv_use', 'cmake_prefix_path')
[3.322s] INFO:colcon.colcon_core.shell:Creating environment hook '/workspaces/autoAim/wkspace/src/install/opencv_use/share/opencv_use/hook/cmake_prefix_path.ps1'
[3.323s] INFO:colcon.colcon_core.shell:Creating environment descriptor '/workspaces/autoAim/wkspace/src/install/opencv_use/share/opencv_use/hook/cmake_prefix_path.dsv'
[3.323s] INFO:colcon.colcon_core.shell:Creating environment hook '/workspaces/autoAim/wkspace/src/install/opencv_use/share/opencv_use/hook/cmake_prefix_path.sh'
[3.324s] Level 1:colcon.colcon_core.environment:checking '/workspaces/autoAim/wkspace/src/install/opencv_use/lib'
[3.325s] Level 1:colcon.colcon_core.environment:checking '/workspaces/autoAim/wkspace/src/install/opencv_use/bin'
[3.325s] Level 1:colcon.colcon_core.environment:checking '/workspaces/autoAim/wkspace/src/install/opencv_use/lib/pkgconfig/opencv_use.pc'
[3.325s] Level 1:colcon.colcon_core.environment:checking '/workspaces/autoAim/wkspace/src/install/opencv_use/lib/python3.10/site-packages'
[3.325s] Level 1:colcon.colcon_core.environment:checking '/workspaces/autoAim/wkspace/src/install/opencv_use/bin'
[3.340s] INFO:colcon.colcon_core.shell:Creating package script '/workspaces/autoAim/wkspace/src/install/opencv_use/share/opencv_use/package.ps1'
[3.341s] INFO:colcon.colcon_core.shell:Creating package descriptor '/workspaces/autoAim/wkspace/src/install/opencv_use/share/opencv_use/package.dsv'
[3.342s] INFO:colcon.colcon_core.shell:Creating package script '/workspaces/autoAim/wkspace/src/install/opencv_use/share/opencv_use/package.sh'
[3.343s] INFO:colcon.colcon_core.shell:Creating package script '/workspaces/autoAim/wkspace/src/install/opencv_use/share/opencv_use/package.bash'
[3.344s] INFO:colcon.colcon_core.shell:Creating package script '/workspaces/autoAim/wkspace/src/install/opencv_use/share/opencv_use/package.zsh'
[3.344s] Level 1:colcon.colcon_core.environment:create_file_with_runtime_dependencies(/workspaces/autoAim/wkspace/src/install/opencv_use/share/colcon-core/packages/opencv_use)
[3.345s] DEBUG:colcon.colcon_parallel_executor.executor.parallel:closing loop
[3.346s] DEBUG:colcon.colcon_parallel_executor.executor.parallel:loop closed
[3.348s] DEBUG:colcon.colcon_parallel_executor.executor.parallel:run_until_complete finished with '0'
[3.348s] DEBUG:colcon.colcon_core.event_reactor:joining thread
[3.377s] INFO:colcon.colcon_core.plugin_system:Skipping extension 'colcon_notification.desktop_notification.notify_send': Could not find 'notify-send'
[3.377s] INFO:colcon.colcon_core.plugin_system:Skipping extension 'colcon_notification.desktop_notification.terminal_notifier': Not used on non-Darwin systems
[3.378s] INFO:colcon.colcon_core.plugin_system:Skipping extension 'colcon_notification.desktop_notification.win32': Not used on non-Windows systems
[3.378s] INFO:colcon.colcon_notification.desktop_notification:Sending desktop notification using 'notify2'
[3.381s] DEBUG:colcon.colcon_notification.desktop_notification.notify2:Failed to initialize notify2: org.freedesktop.DBus.Error.Spawn.ExecFailed: /usr/bin/dbus-launch terminated abnormally without any error message
[3.382s] DEBUG:colcon.colcon_core.event_reactor:joined thread
[3.400s] INFO:colcon.colcon_core.shell:Creating prefix script '/workspaces/autoAim/wkspace/src/install/local_setup.ps1'
[3.403s] INFO:colcon.colcon_core.shell:Creating prefix util module '/workspaces/autoAim/wkspace/src/install/_local_setup_util_ps1.py'
[3.406s] INFO:colcon.colcon_core.shell:Creating prefix chain script '/workspaces/autoAim/wkspace/src/install/setup.ps1'
[3.427s] INFO:colcon.colcon_core.shell:Creating prefix script '/workspaces/autoAim/wkspace/src/install/local_setup.sh'
[3.429s] INFO:colcon.colcon_core.shell:Creating prefix util module '/workspaces/autoAim/wkspace/src/install/_local_setup_util_sh.py'
[3.430s] INFO:colcon.colcon_core.shell:Creating prefix chain script '/workspaces/autoAim/wkspace/src/install/setup.sh'
[3.447s] INFO:colcon.colcon_core.shell:Creating prefix script '/workspaces/autoAim/wkspace/src/install/local_setup.bash'
[3.448s] INFO:colcon.colcon_core.shell:Creating prefix chain script '/workspaces/autoAim/wkspace/src/install/setup.bash'
[3.463s] INFO:colcon.colcon_core.shell:Creating prefix script '/workspaces/autoAim/wkspace/src/install/local_setup.zsh'
[3.464s] INFO:colcon.colcon_core.shell:Creating prefix chain script '/workspaces/autoAim/wkspace/src/install/setup.zsh'
