[0.046s] Invoking command in '/workspaces/autoAim/wkspace/src/build/opencv_use': /usr/bin/cmake --build /workspaces/autoAim/wkspace/src/build/opencv_use -- -j16 -l16
[0.189s] [35m[1mConsolidate compiler generated dependencies of target my_opencv[0m
[0.212s] [ 50%] [32mBuilding CXX object CMakeFiles/my_opencv.dir/src/my_opencv.cpp.o[0m
[14.723s] [100%] [32m[1mLinking CXX executable my_opencv[0m
[16.455s] [100%] Built target my_opencv
[16.468s] Invoked command in '/workspaces/autoAim/wkspace/src/build/opencv_use' returned '0': /usr/bin/cmake --build /workspaces/autoAim/wkspace/src/build/opencv_use -- -j16 -l16
[16.506s] Invoking command in '/workspaces/autoAim/wkspace/src/build/opencv_use': /usr/bin/cmake --install /workspaces/autoAim/wkspace/src/build/opencv_use
[16.515s] -- Install configuration: ""
[16.516s] -- Installing: /workspaces/autoAim/wkspace/src/install/opencv_use/lib/opencv_use/my_opencv
[16.523s] -- Set runtime path of "/workspaces/autoAim/wkspace/src/install/opencv_use/lib/opencv_use/my_opencv" to ""
[16.524s] -- Up-to-date: /workspaces/autoAim/wkspace/src/install/opencv_use/share/ament_index/resource_index/package_run_dependencies/opencv_use
[16.524s] -- Up-to-date: /workspaces/autoAim/wkspace/src/install/opencv_use/share/ament_index/resource_index/parent_prefix_path/opencv_use
[16.524s] -- Up-to-date: /workspaces/autoAim/wkspace/src/install/opencv_use/share/opencv_use/environment/ament_prefix_path.sh
[16.524s] -- Up-to-date: /workspaces/autoAim/wkspace/src/install/opencv_use/share/opencv_use/environment/ament_prefix_path.dsv
[16.524s] -- Up-to-date: /workspaces/autoAim/wkspace/src/install/opencv_use/share/opencv_use/environment/path.sh
[16.524s] -- Up-to-date: /workspaces/autoAim/wkspace/src/install/opencv_use/share/opencv_use/environment/path.dsv
[16.525s] -- Up-to-date: /workspaces/autoAim/wkspace/src/install/opencv_use/share/opencv_use/local_setup.bash
[16.525s] -- Up-to-date: /workspaces/autoAim/wkspace/src/install/opencv_use/share/opencv_use/local_setup.sh
[16.525s] -- Up-to-date: /workspaces/autoAim/wkspace/src/install/opencv_use/share/opencv_use/local_setup.zsh
[16.525s] -- Up-to-date: /workspaces/autoAim/wkspace/src/install/opencv_use/share/opencv_use/local_setup.dsv
[16.525s] -- Installing: /workspaces/autoAim/wkspace/src/install/opencv_use/share/opencv_use/package.dsv
[16.526s] -- Up-to-date: /workspaces/autoAim/wkspace/src/install/opencv_use/share/ament_index/resource_index/packages/opencv_use
[16.526s] -- Up-to-date: /workspaces/autoAim/wkspace/src/install/opencv_use/share/opencv_use/cmake/opencv_useConfig.cmake
[16.526s] -- Up-to-date: /workspaces/autoAim/wkspace/src/install/opencv_use/share/opencv_use/cmake/opencv_useConfig-version.cmake
[16.526s] -- Up-to-date: /workspaces/autoAim/wkspace/src/install/opencv_use/share/opencv_use/package.xml
[16.529s] Invoked command in '/workspaces/autoAim/wkspace/src/build/opencv_use' returned '0': /usr/bin/cmake --install /workspaces/autoAim/wkspace/src/build/opencv_use
