[0.073s] Invoking command in '/workspaces/autoAim/wkspace/src/build/cpp_pubsub': CMAKE_PREFIX_PATH=/opt/ros/humble /usr/bin/cmake /workspaces/autoAim/wkspace/src/cpp_pubsub -DCMAKE_INSTALL_PREFIX=/workspaces/autoAim/wkspace/src/install/cpp_pubsub
[0.086s] -- Found ament_cmake: 1.3.8 (/opt/ros/humble/share/ament_cmake/cmake)
[0.261s] -- Found rclcpp: 16.0.8 (/opt/ros/humble/share/rclcpp/cmake)
[0.301s] -- Found rosidl_generator_c: 3.1.5 (/opt/ros/humble/share/rosidl_generator_c/cmake)
[0.306s] -- Found rosidl_adapter: 3.1.5 (/opt/ros/humble/share/rosidl_adapter/cmake)
[0.316s] -- Found rosidl_generator_cpp: 3.1.5 (/opt/ros/humble/share/rosidl_generator_cpp/cmake)
[0.335s] -- Using all available rosidl_typesupport_c: rosidl_typesupport_fastrtps_c;rosidl_typesupport_introspection_c
[0.360s] -- Using all available rosidl_typesupport_cpp: rosidl_typesupport_fastrtps_cpp;rosidl_typesupport_introspection_cpp
[0.501s] -- Found rmw_implementation_cmake: 6.1.1 (/opt/ros/humble/share/rmw_implementation_cmake/cmake)
[0.502s] -- Found rmw_fastrtps_cpp: 6.2.6 (/opt/ros/humble/share/rmw_fastrtps_cpp/cmake)
[0.659s] -- Using RMW implementation 'rmw_fastrtps_cpp' as default
[1.059s] -- Configuring done
[1.078s] -- Generating done
[1.082s] -- Build files have been written to: /workspaces/autoAim/wkspace/src/build/cpp_pubsub
[1.100s] Invoked command in '/workspaces/autoAim/wkspace/src/build/cpp_pubsub' returned '0': CMAKE_PREFIX_PATH=/opt/ros/humble /usr/bin/cmake /workspaces/autoAim/wkspace/src/cpp_pubsub -DCMAKE_INSTALL_PREFIX=/workspaces/autoAim/wkspace/src/install/cpp_pubsub
[1.104s] Invoking command in '/workspaces/autoAim/wkspace/src/build/cpp_pubsub': CMAKE_PREFIX_PATH=/opt/ros/humble /usr/bin/cmake --build /workspaces/autoAim/wkspace/src/build/cpp_pubsub -- -j16 -l16
[1.172s] [ 50%] [32mBuilding CXX object CMakeFiles/talker.dir/src/member_function.cpp.o[0m
[7.578s] [100%] [32m[1mLinking CXX executable talker[0m
[7.819s] [100%] Built target talker
[7.847s] Invoked command in '/workspaces/autoAim/wkspace/src/build/cpp_pubsub' returned '0': CMAKE_PREFIX_PATH=/opt/ros/humble /usr/bin/cmake --build /workspaces/autoAim/wkspace/src/build/cpp_pubsub -- -j16 -l16
[7.882s] Invoking command in '/workspaces/autoAim/wkspace/src/build/cpp_pubsub': CMAKE_PREFIX_PATH=/opt/ros/humble /usr/bin/cmake --install /workspaces/autoAim/wkspace/src/build/cpp_pubsub
[7.889s] -- Install configuration: ""
[7.891s] -- Installing: /workspaces/autoAim/wkspace/src/install/cpp_pubsub/lib/cpp_pubsub/talker
[7.893s] -- Set runtime path of "/workspaces/autoAim/wkspace/src/install/cpp_pubsub/lib/cpp_pubsub/talker" to ""
[7.894s] -- Installing: /workspaces/autoAim/wkspace/src/install/cpp_pubsub/share/ament_index/resource_index/package_run_dependencies/cpp_pubsub
[7.895s] -- Installing: /workspaces/autoAim/wkspace/src/install/cpp_pubsub/share/ament_index/resource_index/parent_prefix_path/cpp_pubsub
[7.896s] -- Installing: /workspaces/autoAim/wkspace/src/install/cpp_pubsub/share/cpp_pubsub/environment/ament_prefix_path.sh
[7.896s] -- Installing: /workspaces/autoAim/wkspace/src/install/cpp_pubsub/share/cpp_pubsub/environment/ament_prefix_path.dsv
[7.896s] -- Installing: /workspaces/autoAim/wkspace/src/install/cpp_pubsub/share/cpp_pubsub/environment/path.sh
[7.897s] -- Installing: /workspaces/autoAim/wkspace/src/install/cpp_pubsub/share/cpp_pubsub/environment/path.dsv
[7.897s] -- Installing: /workspaces/autoAim/wkspace/src/install/cpp_pubsub/share/cpp_pubsub/local_setup.bash
[7.897s] -- Installing: /workspaces/autoAim/wkspace/src/install/cpp_pubsub/share/cpp_pubsub/local_setup.sh
[7.897s] -- Installing: /workspaces/autoAim/wkspace/src/install/cpp_pubsub/share/cpp_pubsub/local_setup.zsh
[7.897s] -- Installing: /workspaces/autoAim/wkspace/src/install/cpp_pubsub/share/cpp_pubsub/local_setup.dsv
[7.897s] -- Installing: /workspaces/autoAim/wkspace/src/install/cpp_pubsub/share/cpp_pubsub/package.dsv
[7.898s] -- Installing: /workspaces/autoAim/wkspace/src/install/cpp_pubsub/share/ament_index/resource_index/packages/cpp_pubsub
[7.899s] -- Installing: /workspaces/autoAim/wkspace/src/install/cpp_pubsub/share/cpp_pubsub/cmake/cpp_pubsubConfig.cmake
[7.899s] -- Installing: /workspaces/autoAim/wkspace/src/install/cpp_pubsub/share/cpp_pubsub/cmake/cpp_pubsubConfig-version.cmake
[7.899s] -- Installing: /workspaces/autoAim/wkspace/src/install/cpp_pubsub/share/cpp_pubsub/package.xml
[7.903s] Invoked command in '/workspaces/autoAim/wkspace/src/build/cpp_pubsub' returned '0': CMAKE_PREFIX_PATH=/opt/ros/humble /usr/bin/cmake --install /workspaces/autoAim/wkspace/src/build/cpp_pubsub
