[0.078s] Invoking command in '/workspaces/autoAim/wkspace/src/build/opencv_use': CMAKE_PREFIX_PATH=/opt/ros/humble /usr/bin/cmake --build /workspaces/autoAim/wkspace/src/build/opencv_use -- -j16 -l16
[0.107s] -- Found ament_cmake: 1.3.8 (/opt/ros/humble/share/ament_cmake/cmake)
[0.281s] -- Found rclcpp: 16.0.8 (/opt/ros/humble/share/rclcpp/cmake)
[0.322s] -- Found rosidl_generator_c: 3.1.5 (/opt/ros/humble/share/rosidl_generator_c/cmake)
[0.326s] -- Found rosidl_adapter: 3.1.5 (/opt/ros/humble/share/rosidl_adapter/cmake)
[0.340s] -- Found rosidl_generator_cpp: 3.1.5 (/opt/ros/humble/share/rosidl_generator_cpp/cmake)
[0.358s] -- Using all available rosidl_typesupport_c: rosidl_typesupport_fastrtps_c;rosidl_typesupport_introspection_c
[0.386s] -- Using all available rosidl_typesupport_cpp: rosidl_typesupport_fastrtps_cpp;rosidl_typesupport_introspection_cpp
[0.536s] -- Found rmw_implementation_cmake: 6.1.1 (/opt/ros/humble/share/rmw_implementation_cmake/cmake)
[0.539s] -- Found rmw_fastrtps_cpp: 6.2.6 (/opt/ros/humble/share/rmw_fastrtps_cpp/cmake)
[0.699s] -- Using RMW implementation 'rmw_fastrtps_cpp' as default
[0.988s] -- Found sensor_msgs: 4.2.3 (/opt/ros/humble/share/sensor_msgs/cmake)
[1.205s] -- Found cv_bridge: 3.2.1 (/opt/ros/humble/share/cv_bridge/cmake)
[1.218s] -- Found image_transport: 3.1.8 (/opt/ros/humble/share/image_transport/cmake)
[1.273s] -- Found ament_lint_auto: 0.12.10 (/opt/ros/humble/share/ament_lint_auto/cmake)
[1.370s] -- Added test 'cppcheck' to perform static code analysis on C / C++ code
[1.370s] -- Configured cppcheck include dirs: $<BUILD_INTERFACE:/workspaces/autoAim/wkspace/src/opencv_use/include>
[1.370s] -- Configured cppcheck exclude dirs and/or files: 
[1.371s] -- Added test 'lint_cmake' to check CMake code style
[1.372s] -- Added test 'uncrustify' to check C / C++ code style
[1.372s] -- Configured uncrustify additional arguments: 
[1.372s] -- Added test 'xmllint' to check XML markup files
[1.374s] -- Configuring done
[1.394s] -- Generating done
[1.397s] -- Build files have been written to: /workspaces/autoAim/wkspace/src/build/opencv_use
[1.428s] [35m[1mConsolidate compiler generated dependencies of target my_opencv[0m
[1.452s] [100%] Built target my_opencv
[1.466s] Invoked command in '/workspaces/autoAim/wkspace/src/build/opencv_use' returned '0': CMAKE_PREFIX_PATH=/opt/ros/humble /usr/bin/cmake --build /workspaces/autoAim/wkspace/src/build/opencv_use -- -j16 -l16
[1.509s] Invoking command in '/workspaces/autoAim/wkspace/src/build/opencv_use': CMAKE_PREFIX_PATH=/opt/ros/humble /usr/bin/cmake --install /workspaces/autoAim/wkspace/src/build/opencv_use
[1.517s] -- Install configuration: ""
[1.518s] -- Up-to-date: /workspaces/autoAim/wkspace/src/install/opencv_use/lib/opencv_use/my_opencv
[1.518s] -- Up-to-date: /workspaces/autoAim/wkspace/src/install/opencv_use/share/ament_index/resource_index/package_run_dependencies/opencv_use
[1.518s] -- Up-to-date: /workspaces/autoAim/wkspace/src/install/opencv_use/share/ament_index/resource_index/parent_prefix_path/opencv_use
[1.519s] -- Up-to-date: /workspaces/autoAim/wkspace/src/install/opencv_use/share/opencv_use/environment/ament_prefix_path.sh
[1.520s] -- Installing: /workspaces/autoAim/wkspace/src/install/opencv_use/share/opencv_use/environment/ament_prefix_path.dsv
[1.520s] -- Up-to-date: /workspaces/autoAim/wkspace/src/install/opencv_use/share/opencv_use/environment/path.sh
[1.521s] -- Installing: /workspaces/autoAim/wkspace/src/install/opencv_use/share/opencv_use/environment/path.dsv
[1.521s] -- Up-to-date: /workspaces/autoAim/wkspace/src/install/opencv_use/share/opencv_use/local_setup.bash
[1.522s] -- Up-to-date: /workspaces/autoAim/wkspace/src/install/opencv_use/share/opencv_use/local_setup.sh
[1.522s] -- Up-to-date: /workspaces/autoAim/wkspace/src/install/opencv_use/share/opencv_use/local_setup.zsh
[1.523s] -- Installing: /workspaces/autoAim/wkspace/src/install/opencv_use/share/opencv_use/local_setup.dsv
[1.523s] -- Installing: /workspaces/autoAim/wkspace/src/install/opencv_use/share/opencv_use/package.dsv
[1.523s] -- Up-to-date: /workspaces/autoAim/wkspace/src/install/opencv_use/share/ament_index/resource_index/packages/opencv_use
[1.524s] -- Up-to-date: /workspaces/autoAim/wkspace/src/install/opencv_use/share/opencv_use/cmake/opencv_useConfig.cmake
[1.525s] -- Up-to-date: /workspaces/autoAim/wkspace/src/install/opencv_use/share/opencv_use/cmake/opencv_useConfig-version.cmake
[1.525s] -- Up-to-date: /workspaces/autoAim/wkspace/src/install/opencv_use/share/opencv_use/package.xml
[1.528s] Invoked command in '/workspaces/autoAim/wkspace/src/build/opencv_use' returned '0': CMAKE_PREFIX_PATH=/opt/ros/humble /usr/bin/cmake --install /workspaces/autoAim/wkspace/src/build/opencv_use
