[1.354s] DEBUG:colcon:Command line arguments: ['/usr/bin/colcon', 'build']
[1.354s] DEBUG:colcon:Parsed command line arguments: Namespace(log_base=None, log_level=None, verb_name='build', build_base='build', install_base='install', merge_install=False, symlink_install=False, test_result_base=None, continue_on_error=False, executor='parallel', parallel_workers=16, event_handlers=None, ignore_user_meta=False, metas=['./colcon.meta'], base_paths=['.'], packages_ignore=None, packages_ignore_regex=None, paths=None, packages_up_to=None, packages_up_to_regex=None, packages_above=None, packages_above_and_dependencies=None, packages_above_depth=None, packages_select_by_dep=None, packages_skip_by_dep=None, packages_skip_up_to=None, packages_select_build_failed=False, packages_skip_build_finished=False, packages_select_test_failures=False, packages_skip_test_passed=False, packages_select=None, packages_skip=None, packages_select_regex=None, packages_skip_regex=None, packages_start=None, packages_end=None, cmake_args=None, cmake_target=None, cmake_target_skip_unavailable=False, cmake_clean_cache=False, cmake_clean_first=False, cmake_force_configure=False, ament_cmake_args=None, catkin_cmake_args=None, catkin_skip_building_tests=False, mixin_files=None, mixin=None, verb_parser=<colcon_mixin.mixin.mixin_argument.MixinArgumentDecorator object at 0x7f1c10ee6770>, verb_extension=<colcon_core.verb.build.BuildVerb object at 0x7f1c10ee60b0>, main=<bound method BuildVerb.main of <colcon_core.verb.build.BuildVerb object at 0x7f1c10ee60b0>>, mixin_verb=('build',))
[1.419s] Level 1:colcon.colcon_core.package_discovery:discover_packages(colcon_meta) check parameters
[1.421s] INFO:colcon.colcon_metadata.package_discovery.colcon_meta:Using configuration from '/root/.colcon/metadata/default/Gazebo.meta'
[1.422s] INFO:colcon.colcon_metadata.package_discovery.colcon_meta:Using configuration from '/root/.colcon/metadata/default/fastrtps.meta'
[1.422s] Level 1:colcon.colcon_core.package_discovery:discover_packages(recursive) check parameters
[1.422s] Level 1:colcon.colcon_core.package_discovery:discover_packages(ignore) check parameters
[1.423s] Level 1:colcon.colcon_core.package_discovery:discover_packages(path) check parameters
[1.423s] Level 1:colcon.colcon_core.package_discovery:discover_packages(colcon_meta) discover
[1.423s] Level 1:colcon.colcon_core.package_discovery:discover_packages(recursive) discover
[1.423s] INFO:colcon.colcon_core.package_discovery:Crawling recursively for packages in '/workspaces/autoAim/wkspace/src'
[1.423s] Level 1:colcon.colcon_core.package_identification:_identify(.) by extensions ['ignore', 'ignore_ament_install']
[1.424s] Level 1:colcon.colcon_core.package_identification:_identify(.) by extension 'ignore'
[1.424s] Level 1:colcon.colcon_core.package_identification:_identify(.) by extension 'ignore_ament_install'
[1.424s] Level 1:colcon.colcon_core.package_identification:_identify(.) by extensions ['colcon_pkg']
[1.424s] Level 1:colcon.colcon_core.package_identification:_identify(.) by extension 'colcon_pkg'
[1.425s] Level 1:colcon.colcon_core.package_identification:_identify(.) by extensions ['colcon_meta']
[1.425s] Level 1:colcon.colcon_core.package_identification:_identify(.) by extension 'colcon_meta'
[1.425s] Level 1:colcon.colcon_core.package_identification:_identify(.) by extensions ['ros']
[1.425s] Level 1:colcon.colcon_core.package_identification:_identify(.) by extension 'ros'
[1.447s] Level 1:colcon.colcon_core.package_identification:_identify(.) by extensions ['cmake', 'python']
[1.448s] Level 1:colcon.colcon_core.package_identification:_identify(.) by extension 'cmake'
[1.448s] Level 1:colcon.colcon_core.package_identification:_identify(.) by extension 'python'
[1.448s] Level 1:colcon.colcon_core.package_identification:_identify(.) by extensions ['python_setup_py']
[1.448s] Level 1:colcon.colcon_core.package_identification:_identify(.) by extension 'python_setup_py'
[1.448s] Level 1:colcon.colcon_core.package_identification:_identify(build) by extensions ['ignore', 'ignore_ament_install']
[1.448s] Level 1:colcon.colcon_core.package_identification:_identify(build) by extension 'ignore'
[1.448s] Level 1:colcon.colcon_core.package_identification:_identify(build) ignored
[1.449s] Level 1:colcon.colcon_core.package_identification:_identify(install) by extensions ['ignore', 'ignore_ament_install']
[1.449s] Level 1:colcon.colcon_core.package_identification:_identify(install) by extension 'ignore'
[1.449s] Level 1:colcon.colcon_core.package_identification:_identify(install) ignored
[1.449s] Level 1:colcon.colcon_core.package_identification:_identify(log) by extensions ['ignore', 'ignore_ament_install']
[1.449s] Level 1:colcon.colcon_core.package_identification:_identify(log) by extension 'ignore'
[1.450s] Level 1:colcon.colcon_core.package_identification:_identify(log) ignored
[1.450s] Level 1:colcon.colcon_core.package_identification:_identify(opencv_use) by extensions ['ignore', 'ignore_ament_install']
[1.450s] Level 1:colcon.colcon_core.package_identification:_identify(opencv_use) by extension 'ignore'
[1.450s] Level 1:colcon.colcon_core.package_identification:_identify(opencv_use) by extension 'ignore_ament_install'
[1.450s] Level 1:colcon.colcon_core.package_identification:_identify(opencv_use) by extensions ['colcon_pkg']
[1.450s] Level 1:colcon.colcon_core.package_identification:_identify(opencv_use) by extension 'colcon_pkg'
[1.450s] Level 1:colcon.colcon_core.package_identification:_identify(opencv_use) by extensions ['colcon_meta']
[1.450s] Level 1:colcon.colcon_core.package_identification:_identify(opencv_use) by extension 'colcon_meta'
[1.451s] Level 1:colcon.colcon_core.package_identification:_identify(opencv_use) by extensions ['ros']
[1.451s] Level 1:colcon.colcon_core.package_identification:_identify(opencv_use) by extension 'ros'
[1.455s] DEBUG:colcon.colcon_core.package_identification:Package 'opencv_use' with type 'ros.ament_cmake' and name 'opencv_use'
[1.455s] Level 1:colcon.colcon_core.package_discovery:discover_packages(recursive) using defaults
[1.456s] Level 1:colcon.colcon_core.package_discovery:discover_packages(ignore) discover
[1.456s] Level 1:colcon.colcon_core.package_discovery:discover_packages(ignore) using defaults
[1.456s] Level 1:colcon.colcon_core.package_discovery:discover_packages(path) discover
[1.456s] Level 1:colcon.colcon_core.package_discovery:discover_packages(path) using defaults
[1.539s] Level 5:colcon.colcon_core.verb:set package 'opencv_use' build argument 'cmake_args' from command line to 'None'
[1.540s] Level 5:colcon.colcon_core.verb:set package 'opencv_use' build argument 'cmake_target' from command line to 'None'
[1.540s] Level 5:colcon.colcon_core.verb:set package 'opencv_use' build argument 'cmake_target_skip_unavailable' from command line to 'False'
[1.540s] Level 5:colcon.colcon_core.verb:set package 'opencv_use' build argument 'cmake_clean_cache' from command line to 'False'
[1.540s] Level 5:colcon.colcon_core.verb:set package 'opencv_use' build argument 'cmake_clean_first' from command line to 'False'
[1.540s] Level 5:colcon.colcon_core.verb:set package 'opencv_use' build argument 'cmake_force_configure' from command line to 'False'
[1.540s] Level 5:colcon.colcon_core.verb:set package 'opencv_use' build argument 'ament_cmake_args' from command line to 'None'
[1.540s] Level 5:colcon.colcon_core.verb:set package 'opencv_use' build argument 'catkin_cmake_args' from command line to 'None'
[1.540s] Level 5:colcon.colcon_core.verb:set package 'opencv_use' build argument 'catkin_skip_building_tests' from command line to 'False'
[1.540s] DEBUG:colcon.colcon_core.verb:Building package 'opencv_use' with the following arguments: {'ament_cmake_args': None, 'build_base': '/workspaces/autoAim/wkspace/src/build/opencv_use', 'catkin_cmake_args': None, 'catkin_skip_building_tests': False, 'cmake_args': None, 'cmake_clean_cache': False, 'cmake_clean_first': False, 'cmake_force_configure': False, 'cmake_target': None, 'cmake_target_skip_unavailable': False, 'install_base': '/workspaces/autoAim/wkspace/src/install/opencv_use', 'merge_install': False, 'path': '/workspaces/autoAim/wkspace/src/opencv_use', 'symlink_install': False, 'test_result_base': None}
[1.554s] INFO:colcon.colcon_core.executor:Executing jobs using 'parallel' executor
[1.570s] DEBUG:colcon.colcon_parallel_executor.executor.parallel:run_until_complete
[1.571s] INFO:colcon.colcon_ros.task.ament_cmake.build:Building ROS package in '/workspaces/autoAim/wkspace/src/opencv_use' with build type 'ament_cmake'
[1.571s] INFO:colcon.colcon_cmake.task.cmake.build:Building CMake package in '/workspaces/autoAim/wkspace/src/opencv_use'
[1.592s] INFO:colcon.colcon_core.plugin_system:Skipping extension 'colcon_core.shell.bat': Not used on non-Windows systems
[1.593s] INFO:colcon.colcon_core.shell:Skip shell extension 'powershell' for command environment: Not usable outside of PowerShell
[1.593s] DEBUG:colcon.colcon_core.shell:Skip shell extension 'dsv' for command environment
[1.643s] DEBUG:colcon.colcon_core.event_handler.log_command:Invoking command in '/workspaces/autoAim/wkspace/src/build/opencv_use': CMAKE_PREFIX_PATH=/opt/ros/humble /usr/bin/cmake --build /workspaces/autoAim/wkspace/src/build/opencv_use -- -j16 -l16
[10.724s] DEBUG:colcon.colcon_core.event_handler.log_command:Invoked command in '/workspaces/autoAim/wkspace/src/build/opencv_use' returned '0': CMAKE_PREFIX_PATH=/opt/ros/humble /usr/bin/cmake --build /workspaces/autoAim/wkspace/src/build/opencv_use -- -j16 -l16
[10.760s] DEBUG:colcon.colcon_core.event_handler.log_command:Invoking command in '/workspaces/autoAim/wkspace/src/build/opencv_use': CMAKE_PREFIX_PATH=/opt/ros/humble /usr/bin/cmake --install /workspaces/autoAim/wkspace/src/build/opencv_use
[10.775s] Level 1:colcon.colcon_core.environment:create_environment_scripts_only(opencv_use)
[10.777s] DEBUG:colcon.colcon_core.event_handler.log_command:Invoked command in '/workspaces/autoAim/wkspace/src/build/opencv_use' returned '0': CMAKE_PREFIX_PATH=/opt/ros/humble /usr/bin/cmake --install /workspaces/autoAim/wkspace/src/build/opencv_use
[10.796s] Level 1:colcon.colcon_core.environment:checking '/workspaces/autoAim/wkspace/src/install/opencv_use' for CMake module files
[10.797s] Level 1:colcon.colcon_core.environment:checking '/workspaces/autoAim/wkspace/src/install/opencv_use' for CMake config files
[10.798s] Level 1:colcon.colcon_core.shell:create_environment_hook('opencv_use', 'cmake_prefix_path')
[10.818s] INFO:colcon.colcon_core.shell:Creating environment hook '/workspaces/autoAim/wkspace/src/install/opencv_use/share/opencv_use/hook/cmake_prefix_path.ps1'
[10.819s] INFO:colcon.colcon_core.shell:Creating environment descriptor '/workspaces/autoAim/wkspace/src/install/opencv_use/share/opencv_use/hook/cmake_prefix_path.dsv'
[10.820s] INFO:colcon.colcon_core.shell:Creating environment hook '/workspaces/autoAim/wkspace/src/install/opencv_use/share/opencv_use/hook/cmake_prefix_path.sh'
[10.822s] Level 1:colcon.colcon_core.environment:checking '/workspaces/autoAim/wkspace/src/install/opencv_use/lib'
[10.822s] Level 1:colcon.colcon_core.environment:checking '/workspaces/autoAim/wkspace/src/install/opencv_use/bin'
[10.822s] Level 1:colcon.colcon_core.environment:checking '/workspaces/autoAim/wkspace/src/install/opencv_use/lib/pkgconfig/opencv_use.pc'
[10.825s] Level 1:colcon.colcon_core.environment:checking '/workspaces/autoAim/wkspace/src/install/opencv_use/lib/python3.10/site-packages'
[10.825s] Level 1:colcon.colcon_core.environment:checking '/workspaces/autoAim/wkspace/src/install/opencv_use/bin'
[10.841s] INFO:colcon.colcon_core.shell:Creating package script '/workspaces/autoAim/wkspace/src/install/opencv_use/share/opencv_use/package.ps1'
[10.843s] INFO:colcon.colcon_core.shell:Creating package descriptor '/workspaces/autoAim/wkspace/src/install/opencv_use/share/opencv_use/package.dsv'
[10.843s] INFO:colcon.colcon_core.shell:Creating package script '/workspaces/autoAim/wkspace/src/install/opencv_use/share/opencv_use/package.sh'
[10.844s] INFO:colcon.colcon_core.shell:Creating package script '/workspaces/autoAim/wkspace/src/install/opencv_use/share/opencv_use/package.bash'
[10.846s] INFO:colcon.colcon_core.shell:Creating package script '/workspaces/autoAim/wkspace/src/install/opencv_use/share/opencv_use/package.zsh'
[10.848s] Level 1:colcon.colcon_core.environment:create_file_with_runtime_dependencies(/workspaces/autoAim/wkspace/src/install/opencv_use/share/colcon-core/packages/opencv_use)
[10.884s] Level 1:colcon.colcon_core.environment:create_environment_scripts_only(opencv_use)
[10.893s] Level 1:colcon.colcon_core.environment:checking '/workspaces/autoAim/wkspace/src/install/opencv_use' for CMake module files
[10.894s] Level 1:colcon.colcon_core.environment:checking '/workspaces/autoAim/wkspace/src/install/opencv_use' for CMake config files
[10.894s] Level 1:colcon.colcon_core.shell:create_environment_hook('opencv_use', 'cmake_prefix_path')
[10.904s] INFO:colcon.colcon_core.shell:Creating environment hook '/workspaces/autoAim/wkspace/src/install/opencv_use/share/opencv_use/hook/cmake_prefix_path.ps1'
[10.904s] INFO:colcon.colcon_core.shell:Creating environment descriptor '/workspaces/autoAim/wkspace/src/install/opencv_use/share/opencv_use/hook/cmake_prefix_path.dsv'
[10.905s] INFO:colcon.colcon_core.shell:Creating environment hook '/workspaces/autoAim/wkspace/src/install/opencv_use/share/opencv_use/hook/cmake_prefix_path.sh'
[10.905s] Level 1:colcon.colcon_core.environment:checking '/workspaces/autoAim/wkspace/src/install/opencv_use/lib'
[10.906s] Level 1:colcon.colcon_core.environment:checking '/workspaces/autoAim/wkspace/src/install/opencv_use/bin'
[10.906s] Level 1:colcon.colcon_core.environment:checking '/workspaces/autoAim/wkspace/src/install/opencv_use/lib/pkgconfig/opencv_use.pc'
[10.906s] Level 1:colcon.colcon_core.environment:checking '/workspaces/autoAim/wkspace/src/install/opencv_use/lib/python3.10/site-packages'
[10.906s] Level 1:colcon.colcon_core.environment:checking '/workspaces/autoAim/wkspace/src/install/opencv_use/bin'
[10.916s] INFO:colcon.colcon_core.shell:Creating package script '/workspaces/autoAim/wkspace/src/install/opencv_use/share/opencv_use/package.ps1'
[10.917s] INFO:colcon.colcon_core.shell:Creating package descriptor '/workspaces/autoAim/wkspace/src/install/opencv_use/share/opencv_use/package.dsv'
[10.917s] INFO:colcon.colcon_core.shell:Creating package script '/workspaces/autoAim/wkspace/src/install/opencv_use/share/opencv_use/package.sh'
[10.918s] INFO:colcon.colcon_core.shell:Creating package script '/workspaces/autoAim/wkspace/src/install/opencv_use/share/opencv_use/package.bash'
[10.919s] INFO:colcon.colcon_core.shell:Creating package script '/workspaces/autoAim/wkspace/src/install/opencv_use/share/opencv_use/package.zsh'
[10.919s] Level 1:colcon.colcon_core.environment:create_file_with_runtime_dependencies(/workspaces/autoAim/wkspace/src/install/opencv_use/share/colcon-core/packages/opencv_use)
[10.920s] DEBUG:colcon.colcon_parallel_executor.executor.parallel:closing loop
[10.921s] DEBUG:colcon.colcon_parallel_executor.executor.parallel:loop closed
[10.921s] DEBUG:colcon.colcon_parallel_executor.executor.parallel:run_until_complete finished with '0'
[10.921s] DEBUG:colcon.colcon_core.event_reactor:joining thread
[10.938s] INFO:colcon.colcon_core.plugin_system:Skipping extension 'colcon_notification.desktop_notification.notify_send': Could not find 'notify-send'
[10.938s] INFO:colcon.colcon_core.plugin_system:Skipping extension 'colcon_notification.desktop_notification.terminal_notifier': Not used on non-Darwin systems
[10.938s] INFO:colcon.colcon_core.plugin_system:Skipping extension 'colcon_notification.desktop_notification.win32': Not used on non-Windows systems
[10.938s] INFO:colcon.colcon_notification.desktop_notification:Sending desktop notification using 'notify2'
[10.941s] DEBUG:colcon.colcon_notification.desktop_notification.notify2:Failed to initialize notify2: org.freedesktop.DBus.Error.Spawn.ExecFailed: /usr/bin/dbus-launch terminated abnormally without any error message
[10.942s] DEBUG:colcon.colcon_core.event_reactor:joined thread
[10.953s] INFO:colcon.colcon_core.shell:Creating prefix script '/workspaces/autoAim/wkspace/src/install/local_setup.ps1'
[10.955s] INFO:colcon.colcon_core.shell:Creating prefix util module '/workspaces/autoAim/wkspace/src/install/_local_setup_util_ps1.py'
[10.957s] INFO:colcon.colcon_core.shell:Creating prefix chain script '/workspaces/autoAim/wkspace/src/install/setup.ps1'
[10.969s] INFO:colcon.colcon_core.shell:Creating prefix script '/workspaces/autoAim/wkspace/src/install/local_setup.sh'
[10.971s] INFO:colcon.colcon_core.shell:Creating prefix util module '/workspaces/autoAim/wkspace/src/install/_local_setup_util_sh.py'
[10.973s] INFO:colcon.colcon_core.shell:Creating prefix chain script '/workspaces/autoAim/wkspace/src/install/setup.sh'
[10.987s] INFO:colcon.colcon_core.shell:Creating prefix script '/workspaces/autoAim/wkspace/src/install/local_setup.bash'
[10.988s] INFO:colcon.colcon_core.shell:Creating prefix chain script '/workspaces/autoAim/wkspace/src/install/setup.bash'
[10.997s] INFO:colcon.colcon_core.shell:Creating prefix script '/workspaces/autoAim/wkspace/src/install/local_setup.zsh'
[10.998s] INFO:colcon.colcon_core.shell:Creating prefix chain script '/workspaces/autoAim/wkspace/src/install/setup.zsh'
