[0.071s] Invoking command in '/workspaces/autoAim/wkspace/src/build/cpp_pubsub': CMAKE_PREFIX_PATH=/opt/ros/humble /usr/bin/cmake /workspaces/autoAim/wkspace/src/cpp_pubsub -DCMAKE_INSTALL_PREFIX=/workspaces/autoAim/wkspace/src/install/cpp_pubsub
[0.084s] -- Found ament_cmake: 1.3.8 (/opt/ros/humble/share/ament_cmake/cmake)
[0.269s] -- Found rclcpp: 16.0.8 (/opt/ros/humble/share/rclcpp/cmake)
[0.313s] -- Found rosidl_generator_c: 3.1.5 (/opt/ros/humble/share/rosidl_generator_c/cmake)
[0.320s] -- Found rosidl_adapter: 3.1.5 (/opt/ros/humble/share/rosidl_adapter/cmake)
[0.331s] -- Found rosidl_generator_cpp: 3.1.5 (/opt/ros/humble/share/rosidl_generator_cpp/cmake)
[0.352s] -- Using all available rosidl_typesupport_c: rosidl_typesupport_fastrtps_c;rosidl_typesupport_introspection_c
[0.383s] -- Using all available rosidl_typesupport_cpp: rosidl_typesupport_fastrtps_cpp;rosidl_typesupport_introspection_cpp
[0.495s] -- Found rmw_implementation_cmake: 6.1.1 (/opt/ros/humble/share/rmw_implementation_cmake/cmake)
[0.497s] -- Found rmw_fastrtps_cpp: 6.2.6 (/opt/ros/humble/share/rmw_fastrtps_cpp/cmake)
[0.663s] -- Using RMW implementation 'rmw_fastrtps_cpp' as default
[1.037s] -- Configuring done
[1.041s] [31mCMake Error at CMakeLists.txt:17 (add_executable):
[1.041s]   Cannot find source file:
[1.041s] 
[1.042s]     src/publisher_member_function.cpp
[1.042s] 
[1.042s]   Tried extensions .c .C .c++ .cc .cpp .cxx .cu .mpp .m .M .mm .ixx .cppm .h
[1.042s]   .hh .h++ .hm .hpp .hxx .in .txx .f .F .for .f77 .f90 .f95 .f03 .hip .ispc
[1.042s] 
[1.042s] [0m
[1.043s] [31mCMake Error at CMakeLists.txt:17 (add_executable):
[1.043s]   No SOURCES given to target: talker
[1.043s] 
[1.044s] [0m
[1.044s] [0mCMake Generate step failed.  Build files cannot be regenerated correctly.[0m
[1.055s] Invoked command in '/workspaces/autoAim/wkspace/src/build/cpp_pubsub' returned '1': CMAKE_PREFIX_PATH=/opt/ros/humble /usr/bin/cmake /workspaces/autoAim/wkspace/src/cpp_pubsub -DCMAKE_INSTALL_PREFIX=/workspaces/autoAim/wkspace/src/install/cpp_pubsub
